2020-01-21 13:21:13 -  - exec CUpdateClientPartner::GetUpdatesList
2020-01-21 13:21:13 -  - exec CUpdateClientPartner::__CollectRequestData
2020-01-21 13:21:13 -  - utf=Y&lang=ru&stable=Y&CANGZIP=Y&SUPD_DBS=MYSQL&XE=N&CLIENT_SITE=bitrixstend.mobiumapps.com&LICENSE_KEY=X&SUPD_STS=1&SUPD_URS=0&SUPD_URSA=1&TYPENC=D&CLIENT_PHPVER=7.2.26&NGINX=Y&dbv=5.7.28&instm=main%2C20.0.0%2CY%3Bperfmon%2C18.5.0%2CN%3Brest%2C18.5.162%2CN%3Bphotogallery%2C18.0.0%2CN%3Bvote%2C18.5.200%2CN%3Bbitrixcloud%2C18.5.0%2CN%3Bbitrix.siteinfoportal%2C15.5.0%2CN%3Bui%2C19.0.400%2CN%3Bbitrix.sitecommunity%2C15.5.0%2CN%3Bconversion%2C18.5.1%2CN%3Bsearch%2C18.5.200%2CN%3Bstoreassist%2C18.1.0%2CN%3Bbitrix.sitecorporate%2C15.5.0%2CN%3Bbizprocdesigner%2C19.0.200%2CN%3Bbizproc%2C19.0.300%2CN%3Babtest%2C18.5.0%2CN%3Bcalendar%2C19.0.375%2CN%3Btranslate%2C18.0.100%2CN%3Bsocialservices%2C19.0.0%2CN%3Bform%2C18.0.0%2CN%3Bmobileapp%2C19.0.100%2CN%3Bpull%2C19.0.300%2CN%3Biblock%2C18.6.1000%2CN%3Bscale%2C17.5.0%2CN%3Bsupport%2C16.0.0%2CN%3Bwebservice%2C18.0.0%2CN%3Bstatistic%2C18.5.0%2CN%3Bb24connector%2C18.5.0%2CN%3Bblog%2C19.0.100%2CN%3Bseo%2C19.0.800%2CN%3Bim%2C19.0.550%2CN%3Bhighloadblock%2C19.0.0%2CN%3Blanding%2C19.0.175%2CN%3Bsale%2C19.0.100%2CN%3Bsecurity%2C19.0.0%2CN%3Bcompression%2C19.0.0%2CN%3Bforum%2C19.0.0%2CN%3Bsubscribe%2C18.5.0%2CN%3Bmessageservice%2C19.0.0%2CN%3Bsocialnetwork%2C19.0.600%2CN%3Bclouds%2C19.0.0%2CN%3Bidea%2C17.5.1%2CN%3Bcatalog%2C18.7.0%2CN%3Blists%2C19.0.0%2CN%3Bbitrix.sitepersonal%2C15.5.0%2CN%3Bwiki%2C17.5.1%2CN%3Badvertising%2C20.0.0%2CN%3Bcurrency%2C19.0.0%2CN%3Bsender%2C19.0.200%2CN%3Bworkflow%2C18.5.0%2CN%3Bbitrix.eshop%2C18.5.0%2CN%3Bmail%2C19.0.300%2CN%3Blearning%2C17.5.1%2CN%3Bfileman%2C18.5.500%2CN%3Breport%2C19.0.100%2CN&reqm=bitrix.siteinfoportal%2Cbitrix.sitecommunity%2Cbitrix.sitecorporate%2Cbitrix.sitepersonal%2Cbitrix.eshop%2Cmobium.api&SUPD_SRS=RU&SUPD_CMP=N
2020-01-21 13:21:13 -  - exec CUpdateClientPartner::GetHTTPPage
2020-01-21 13:21:13 -  - TIME GetUpdatesList(request) 0.152 sec
2020-01-21 13:21:13 -  - exec CUpdateClientPartner::ParseServerData
2020-01-21 14:50:19 -  - exec CUpdateClientPartner::GetUpdatesList
2020-01-21 14:50:19 -  - exec CUpdateClientPartner::__CollectRequestData
2020-01-21 14:50:19 -  - utf=Y&lang=ru&stable=Y&CANGZIP=Y&SUPD_DBS=MYSQL&XE=N&CLIENT_SITE=bitrixstend.mobiumapps.com&LICENSE_KEY=X&SUPD_STS=1&SUPD_URS=0&SUPD_URSA=1&TYPENC=D&CLIENT_PHPVER=7.2.26&NGINX=Y&dbv=5.7.28&instm=main%2C20.0.0%2CY%3Bperfmon%2C18.5.0%2CN%3Brest%2C18.5.162%2CN%3Bphotogallery%2C18.0.0%2CN%3Bvote%2C18.5.200%2CN%3Bbitrixcloud%2C18.5.0%2CN%3Bbitrix.siteinfoportal%2C15.5.0%2CN%3Bui%2C19.0.400%2CN%3Bbitrix.sitecommunity%2C15.5.0%2CN%3Bconversion%2C18.5.1%2CN%3Bsearch%2C18.5.200%2CN%3Bstoreassist%2C18.1.0%2CN%3Bbitrix.sitecorporate%2C15.5.0%2CN%3Bbizprocdesigner%2C19.0.200%2CN%3Bbizproc%2C19.0.300%2CN%3Babtest%2C18.5.0%2CN%3Bcalendar%2C19.0.375%2CN%3Btranslate%2C18.0.100%2CN%3Bsocialservices%2C19.0.0%2CN%3Bform%2C18.0.0%2CN%3Bmobileapp%2C19.0.100%2CN%3Bpull%2C19.0.300%2CN%3Biblock%2C18.6.1000%2CN%3Bscale%2C17.5.0%2CN%3Bsupport%2C16.0.0%2CN%3Bwebservice%2C18.0.0%2CN%3Bstatistic%2C18.5.0%2CN%3Bb24connector%2C18.5.0%2CN%3Bblog%2C19.0.100%2CN%3Bseo%2C19.0.800%2CN%3Bim%2C19.0.550%2CN%3Bhighloadblock%2C19.0.0%2CN%3Blanding%2C19.0.175%2CN%3Bsale%2C19.0.100%2CN%3Bsecurity%2C19.0.0%2CN%3Bcompression%2C19.0.0%2CN%3Bforum%2C19.0.0%2CN%3Bsubscribe%2C18.5.0%2CN%3Bmessageservice%2C19.0.0%2CN%3Bsocialnetwork%2C19.0.600%2CN%3Bclouds%2C19.0.0%2CN%3Bidea%2C17.5.1%2CN%3Bcatalog%2C18.7.0%2CN%3Blists%2C19.0.0%2CN%3Bbitrix.sitepersonal%2C15.5.0%2CN%3Bwiki%2C17.5.1%2CN%3Badvertising%2C20.0.0%2CN%3Bcurrency%2C19.0.0%2CN%3Bsender%2C19.0.200%2CN%3Bworkflow%2C18.5.0%2CN%3Bbitrix.eshop%2C18.5.0%2CN%3Bmail%2C19.0.300%2CN%3Blearning%2C17.5.1%2CN%3Bfileman%2C18.5.500%2CN%3Breport%2C19.0.100%2CN&reqm=bitrix.siteinfoportal%2Cbitrix.sitecommunity%2Cbitrix.sitecorporate%2Cbitrix.sitepersonal%2Cbitrix.eshop&SUPD_SRS=RU&SUPD_CMP=N
2020-01-21 14:50:19 -  - exec CUpdateClientPartner::GetHTTPPage
2020-01-21 14:50:19 -  - TIME GetUpdatesList(request) 0.253 sec
2020-01-21 14:50:19 -  - exec CUpdateClientPartner::ParseServerData
2020-01-21 14:51:29 -  - exec CUpdateClientPartner::GetUpdatesList
2020-01-21 14:51:29 -  - exec CUpdateClientPartner::__CollectRequestData
2020-01-21 14:51:29 -  - utf=Y&lang=ru&stable=Y&CANGZIP=Y&SUPD_DBS=MYSQL&XE=N&CLIENT_SITE=bitrixstend.mobiumapps.com&LICENSE_KEY=X&SUPD_STS=1&SUPD_URS=0&SUPD_URSA=1&TYPENC=D&CLIENT_PHPVER=7.2.26&NGINX=Y&dbv=5.7.28&instm=main%2C20.0.0%2CY%3Bperfmon%2C18.5.0%2CN%3Brest%2C18.5.162%2CN%3Bphotogallery%2C18.0.0%2CN%3Bvote%2C18.5.200%2CN%3Bbitrixcloud%2C18.5.0%2CN%3Bbitrix.siteinfoportal%2C15.5.0%2CN%3Bui%2C19.0.400%2CN%3Bbitrix.sitecommunity%2C15.5.0%2CN%3Bconversion%2C18.5.1%2CN%3Bsearch%2C18.5.200%2CN%3Bstoreassist%2C18.1.0%2CN%3Bbitrix.sitecorporate%2C15.5.0%2CN%3Bbizprocdesigner%2C19.0.200%2CN%3Bbizproc%2C19.0.300%2CN%3Babtest%2C18.5.0%2CN%3Bcalendar%2C19.0.375%2CN%3Btranslate%2C18.0.100%2CN%3Bsocialservices%2C19.0.0%2CN%3Bform%2C18.0.0%2CN%3Bmobileapp%2C19.0.100%2CN%3Bpull%2C19.0.300%2CN%3Biblock%2C18.6.1000%2CN%3Bscale%2C17.5.0%2CN%3Bsupport%2C16.0.0%2CN%3Bwebservice%2C18.0.0%2CN%3Bstatistic%2C18.5.0%2CN%3Bb24connector%2C18.5.0%2CN%3Bblog%2C19.0.100%2CN%3Bseo%2C19.0.800%2CN%3Bim%2C19.0.550%2CN%3Bhighloadblock%2C19.0.0%2CN%3Blanding%2C19.0.175%2CN%3Bsale%2C19.0.100%2CN%3Bsecurity%2C19.0.0%2CN%3Bcompression%2C19.0.0%2CN%3Bforum%2C19.0.0%2CN%3Bsubscribe%2C18.5.0%2CN%3Bmessageservice%2C19.0.0%2CN%3Bsocialnetwork%2C19.0.600%2CN%3Bclouds%2C19.0.0%2CN%3Bidea%2C17.5.1%2CN%3Bcatalog%2C18.7.0%2CN%3Blists%2C19.0.0%2CN%3Bbitrix.sitepersonal%2C15.5.0%2CN%3Bwiki%2C17.5.1%2CN%3Badvertising%2C20.0.0%2CN%3Bcurrency%2C19.0.0%2CN%3Bsender%2C19.0.200%2CN%3Bworkflow%2C18.5.0%2CN%3Bbitrix.eshop%2C18.5.0%2CN%3Bmail%2C19.0.300%2CN%3Blearning%2C17.5.1%2CN%3Bfileman%2C18.5.500%2CN%3Breport%2C19.0.100%2CN&reqm=bitrix.siteinfoportal%2Cbitrix.sitecommunity%2Cbitrix.sitecorporate%2Cbitrix.sitepersonal%2Cbitrix.eshop%2Cmobium.api&SUPD_SRS=RU&SUPD_CMP=N
2020-01-21 14:51:29 -  - exec CUpdateClientPartner::GetHTTPPage
2020-01-21 14:51:29 -  - TIME GetUpdatesList(request) 0.219 sec
2020-01-21 14:51:29 -  - exec CUpdateClientPartner::ParseServerData
2020-01-21 14:51:48 -  - exec CUpdateClientPartner::LoadModulesUpdates
2020-01-21 14:51:48 -  - exec CUpdateClientPartner::__CollectRequestData
2020-01-21 14:51:48 -  - utf=Y&lang=ru&stable=Y&CANGZIP=Y&SUPD_DBS=MYSQL&XE=N&CLIENT_SITE=bitrixstend.mobiumapps.com&LICENSE_KEY=X&SUPD_STS=1&SUPD_URS=0&SUPD_URSA=1&TYPENC=D&CLIENT_PHPVER=7.2.26&NGINX=Y&dbv=5.7.28&instm=main%2C20.0.0%2CY%3Bperfmon%2C18.5.0%2CN%3Brest%2C18.5.162%2CN%3Bphotogallery%2C18.0.0%2CN%3Bvote%2C18.5.200%2CN%3Bbitrixcloud%2C18.5.0%2CN%3Bbitrix.siteinfoportal%2C15.5.0%2CN%3Bui%2C19.0.400%2CN%3Bbitrix.sitecommunity%2C15.5.0%2CN%3Bconversion%2C18.5.1%2CN%3Bsearch%2C18.5.200%2CN%3Bstoreassist%2C18.1.0%2CN%3Bbitrix.sitecorporate%2C15.5.0%2CN%3Bbizprocdesigner%2C19.0.200%2CN%3Bbizproc%2C19.0.300%2CN%3Babtest%2C18.5.0%2CN%3Bcalendar%2C19.0.375%2CN%3Btranslate%2C18.0.100%2CN%3Bsocialservices%2C19.0.0%2CN%3Bform%2C18.0.0%2CN%3Bmobileapp%2C19.0.100%2CN%3Bpull%2C19.0.300%2CN%3Biblock%2C18.6.1000%2CN%3Bscale%2C17.5.0%2CN%3Bsupport%2C16.0.0%2CN%3Bwebservice%2C18.0.0%2CN%3Bstatistic%2C18.5.0%2CN%3Bb24connector%2C18.5.0%2CN%3Bblog%2C19.0.100%2CN%3Bseo%2C19.0.800%2CN%3Bim%2C19.0.550%2CN%3Bhighloadblock%2C19.0.0%2CN%3Blanding%2C19.0.175%2CN%3Bsale%2C19.0.100%2CN%3Bsecurity%2C19.0.0%2CN%3Bcompression%2C19.0.0%2CN%3Bforum%2C19.0.0%2CN%3Bsubscribe%2C18.5.0%2CN%3Bmessageservice%2C19.0.0%2CN%3Bsocialnetwork%2C19.0.600%2CN%3Bclouds%2C19.0.0%2CN%3Bidea%2C17.5.1%2CN%3Bcatalog%2C18.7.0%2CN%3Blists%2C19.0.0%2CN%3Bbitrix.sitepersonal%2C15.5.0%2CN%3Bwiki%2C17.5.1%2CN%3Badvertising%2C20.0.0%2CN%3Bcurrency%2C19.0.0%2CN%3Bsender%2C19.0.200%2CN%3Bworkflow%2C18.5.0%2CN%3Bbitrix.eshop%2C18.5.0%2CN%3Bmail%2C19.0.300%2CN%3Blearning%2C17.5.1%2CN%3Bfileman%2C18.5.500%2CN%3Breport%2C19.0.100%2CN&reqm=mobium.api&lim=Y&SUPD_SRS=RU&SUPD_CMP=N
2020-01-21 14:51:48 -  - exec CUpdateClientPartner::GetHTTPPage
2020-01-21 14:51:48 -  - TIME LoadModulesUpdates(request) 0.304 sec
2020-01-21 14:51:48 -  - exec CUpdateClientPartner::ParseServerData
2020-01-21 14:51:48 - S - STEP
2020-01-21 14:51:48 - LMU01 - LoadModulesUpdates-Step
2020-01-21 14:51:49 -  - exec CUpdateClientPartner::LoadModulesUpdates
2020-01-21 14:51:49 -  - exec CUpdateClientPartner::ParseServerData
2020-01-21 14:51:49 -  - loadFile
2020-01-21 14:51:49 - U - RETURN
2020-01-21 14:51:49 -  - exec CUpdateClientPartner::UnGzipArchive
2020-01-21 14:51:49 -  - TIME UnGzipArchive 0.013 sec
2020-01-21 14:51:49 -  - TIME UpdateStepModules 0.017 sec
2020-01-21 14:51:49 - UPD_SUCCESS - Updated: mobium.api
2020-01-21 14:51:49 -  - exec CUpdateClientPartner::LoadModulesUpdates
2020-01-21 14:51:49 -  - exec CUpdateClientPartner::__CollectRequestData
2020-01-21 14:51:49 -  - utf=Y&lang=ru&stable=Y&CANGZIP=Y&SUPD_DBS=MYSQL&XE=N&CLIENT_SITE=bitrixstend.mobiumapps.com&LICENSE_KEY=X&SUPD_STS=1&SUPD_URS=0&SUPD_URSA=1&TYPENC=D&CLIENT_PHPVER=7.2.26&NGINX=Y&dbv=5.7.28&instm=main%2C20.0.0%2CY%3Bperfmon%2C18.5.0%2CN%3Brest%2C18.5.162%2CN%3Bphotogallery%2C18.0.0%2CN%3Bvote%2C18.5.200%2CN%3Bbitrixcloud%2C18.5.0%2CN%3Bbitrix.siteinfoportal%2C15.5.0%2CN%3Bui%2C19.0.400%2CN%3Bmobium.api%2C1.0.0%2CN%3Bbitrix.sitecommunity%2C15.5.0%2CN%3Bconversion%2C18.5.1%2CN%3Bsearch%2C18.5.200%2CN%3Bstoreassist%2C18.1.0%2CN%3Bbitrix.sitecorporate%2C15.5.0%2CN%3Bbizprocdesigner%2C19.0.200%2CN%3Bbizproc%2C19.0.300%2CN%3Babtest%2C18.5.0%2CN%3Bcalendar%2C19.0.375%2CN%3Btranslate%2C18.0.100%2CN%3Bsocialservices%2C19.0.0%2CN%3Bform%2C18.0.0%2CN%3Bmobileapp%2C19.0.100%2CN%3Bpull%2C19.0.300%2CN%3Biblock%2C18.6.1000%2CN%3Bscale%2C17.5.0%2CN%3Bsupport%2C16.0.0%2CN%3Bwebservice%2C18.0.0%2CN%3Bstatistic%2C18.5.0%2CN%3Bb24connector%2C18.5.0%2CN%3Bblog%2C19.0.100%2CN%3Bseo%2C19.0.800%2CN%3Bim%2C19.0.550%2CN%3Bhighloadblock%2C19.0.0%2CN%3Blanding%2C19.0.175%2CN%3Bsale%2C19.0.100%2CN%3Bsecurity%2C19.0.0%2CN%3Bcompression%2C19.0.0%2CN%3Bforum%2C19.0.0%2CN%3Bsubscribe%2C18.5.0%2CN%3Bmessageservice%2C19.0.0%2CN%3Bsocialnetwork%2C19.0.600%2CN%3Bclouds%2C19.0.0%2CN%3Bidea%2C17.5.1%2CN%3Bcatalog%2C18.7.0%2CN%3Blists%2C19.0.0%2CN%3Bbitrix.sitepersonal%2C15.5.0%2CN%3Bwiki%2C17.5.1%2CN%3Badvertising%2C20.0.0%2CN%3Bcurrency%2C19.0.0%2CN%3Bsender%2C19.0.200%2CN%3Bworkflow%2C18.5.0%2CN%3Bbitrix.eshop%2C18.5.0%2CN%3Bmail%2C19.0.300%2CN%3Blearning%2C17.5.1%2CN%3Bfileman%2C18.5.500%2CN%3Breport%2C19.0.100%2CN&reqm=mobium.api&lim=Y&SUPD_SRS=RU&SUPD_CMP=N
2020-01-21 14:51:49 -  - exec CUpdateClientPartner::GetHTTPPage
2020-01-21 14:51:49 -  - TIME LoadModulesUpdates(request) 0.202 sec
2020-01-21 14:51:49 -  - exec CUpdateClientPartner::ParseServerData
2020-01-21 14:51:49 - STEP - Finish - NOUPDATES
2020-01-21 14:51:49 - STEP - Finish - NOUPDATES
2020-01-21 14:51:51 -  - exec CUpdateClientPartner::GetUpdatesList
2020-01-21 14:51:51 -  - exec CUpdateClientPartner::__CollectRequestData
2020-01-21 14:51:51 -  - utf=Y&lang=ru&stable=Y&CANGZIP=Y&SUPD_DBS=MYSQL&XE=N&CLIENT_SITE=bitrixstend.mobiumapps.com&LICENSE_KEY=X&SUPD_STS=1&SUPD_URS=0&SUPD_URSA=1&TYPENC=D&CLIENT_PHPVER=7.2.26&NGINX=Y&dbv=5.7.28&instm=main%2C20.0.0%2CY%3Bperfmon%2C18.5.0%2CN%3Brest%2C18.5.162%2CN%3Bphotogallery%2C18.0.0%2CN%3Bvote%2C18.5.200%2CN%3Bbitrixcloud%2C18.5.0%2CN%3Bbitrix.siteinfoportal%2C15.5.0%2CN%3Bui%2C19.0.400%2CN%3Bmobium.api%2C1.0.0%2CN%3Bbitrix.sitecommunity%2C15.5.0%2CN%3Bconversion%2C18.5.1%2CN%3Bsearch%2C18.5.200%2CN%3Bstoreassist%2C18.1.0%2CN%3Bbitrix.sitecorporate%2C15.5.0%2CN%3Bbizprocdesigner%2C19.0.200%2CN%3Bbizproc%2C19.0.300%2CN%3Babtest%2C18.5.0%2CN%3Bcalendar%2C19.0.375%2CN%3Btranslate%2C18.0.100%2CN%3Bsocialservices%2C19.0.0%2CN%3Bform%2C18.0.0%2CN%3Bmobileapp%2C19.0.100%2CN%3Bpull%2C19.0.300%2CN%3Biblock%2C18.6.1000%2CN%3Bscale%2C17.5.0%2CN%3Bsupport%2C16.0.0%2CN%3Bwebservice%2C18.0.0%2CN%3Bstatistic%2C18.5.0%2CN%3Bb24connector%2C18.5.0%2CN%3Bblog%2C19.0.100%2CN%3Bseo%2C19.0.800%2CN%3Bim%2C19.0.550%2CN%3Bhighloadblock%2C19.0.0%2CN%3Blanding%2C19.0.175%2CN%3Bsale%2C19.0.100%2CN%3Bsecurity%2C19.0.0%2CN%3Bcompression%2C19.0.0%2CN%3Bforum%2C19.0.0%2CN%3Bsubscribe%2C18.5.0%2CN%3Bmessageservice%2C19.0.0%2CN%3Bsocialnetwork%2C19.0.600%2CN%3Bclouds%2C19.0.0%2CN%3Bidea%2C17.5.1%2CN%3Bcatalog%2C18.7.0%2CN%3Blists%2C19.0.0%2CN%3Bbitrix.sitepersonal%2C15.5.0%2CN%3Bwiki%2C17.5.1%2CN%3Badvertising%2C20.0.0%2CN%3Bcurrency%2C19.0.0%2CN%3Bsender%2C19.0.200%2CN%3Bworkflow%2C18.5.0%2CN%3Bbitrix.eshop%2C18.5.0%2CN%3Bmail%2C19.0.300%2CN%3Blearning%2C17.5.1%2CN%3Bfileman%2C18.5.500%2CN%3Breport%2C19.0.100%2CN&reqm=bitrix.siteinfoportal%2Cmobium.api%2Cbitrix.sitecommunity%2Cbitrix.sitecorporate%2Cbitrix.sitepersonal%2Cbitrix.eshop&fullmoduleinfo=Y&SUPD_SRS=RU&SUPD_CMP=N
2020-01-21 14:51:51 -  - exec CUpdateClientPartner::GetHTTPPage
2020-01-21 14:51:52 -  - TIME GetUpdatesList(request) 0.184 sec
2020-01-21 14:51:52 -  - exec CUpdateClientPartner::ParseServerData
2020-01-21 15:19:42 -  - exec CUpdateClientPartner::GetUpdatesList
2020-01-21 15:19:42 -  - exec CUpdateClientPartner::__CollectRequestData
2020-01-21 15:19:42 -  - utf=Y&lang=ru&stable=Y&CANGZIP=Y&SUPD_DBS=MYSQL&XE=N&CLIENT_SITE=bitrixstend.mobiumapps.com&LICENSE_KEY=X&SUPD_STS=1&SUPD_URS=0&SUPD_URSA=1&TYPENC=D&CLIENT_PHPVER=7.2.26&NGINX=Y&dbv=5.7.28&instm=main%2C20.0.0%2CY%3Bperfmon%2C18.5.0%2CN%3Brest%2C18.5.162%2CN%3Bphotogallery%2C18.0.0%2CN%3Bvote%2C18.5.200%2CN%3Bbitrixcloud%2C18.5.0%2CN%3Bbitrix.siteinfoportal%2C15.5.0%2CN%3Bui%2C19.0.400%2CN%3Bmobium.api%2C1.0.0%2CN%3Bbitrix.sitecommunity%2C15.5.0%2CN%3Bconversion%2C18.5.1%2CN%3Bsearch%2C18.5.200%2CN%3Bstoreassist%2C18.1.0%2CN%3Bbitrix.sitecorporate%2C15.5.0%2CN%3Bbizprocdesigner%2C19.0.200%2CN%3Bbizproc%2C19.0.300%2CN%3Babtest%2C18.5.0%2CN%3Bcalendar%2C19.0.375%2CN%3Btranslate%2C18.0.100%2CN%3Bsocialservices%2C19.0.0%2CN%3Bform%2C18.0.0%2CN%3Bmobileapp%2C19.0.100%2CN%3Bpull%2C19.0.300%2CN%3Biblock%2C18.6.1000%2CN%3Bscale%2C17.5.0%2CN%3Bsupport%2C16.0.0%2CN%3Bwebservice%2C18.0.0%2CN%3Bstatistic%2C18.5.0%2CN%3Bb24connector%2C18.5.0%2CN%3Bblog%2C19.0.100%2CN%3Bseo%2C19.0.800%2CN%3Bim%2C19.0.550%2CN%3Bhighloadblock%2C19.0.0%2CN%3Blanding%2C19.0.175%2CN%3Bsale%2C19.0.100%2CN%3Bsecurity%2C19.0.0%2CN%3Bcompression%2C19.0.0%2CN%3Bforum%2C19.0.0%2CN%3Bsubscribe%2C18.5.0%2CN%3Bmessageservice%2C19.0.0%2CN%3Bsocialnetwork%2C19.0.600%2CN%3Bclouds%2C19.0.0%2CN%3Bidea%2C17.5.1%2CN%3Bcatalog%2C18.7.0%2CN%3Blists%2C19.0.0%2CN%3Bbitrix.sitepersonal%2C15.5.0%2CN%3Bwiki%2C17.5.1%2CN%3Badvertising%2C20.0.0%2CN%3Bcurrency%2C19.0.0%2CN%3Bsender%2C19.0.200%2CN%3Bworkflow%2C18.5.0%2CN%3Bbitrix.eshop%2C18.5.0%2CN%3Bmail%2C19.0.300%2CN%3Blearning%2C17.5.1%2CN%3Bfileman%2C18.5.500%2CN%3Breport%2C19.0.100%2CN&reqm=bitrix.siteinfoportal%2Cmobium.api%2Cbitrix.sitecommunity%2Cbitrix.sitecorporate%2Cbitrix.sitepersonal%2Cbitrix.eshop%2Cbitrix.mpbuilder&SUPD_SRS=RU&SUPD_CMP=N
2020-01-21 15:19:42 -  - exec CUpdateClientPartner::GetHTTPPage
2020-01-21 15:19:42 -  - TIME GetUpdatesList(request) 0.207 sec
2020-01-21 15:19:42 -  - exec CUpdateClientPartner::ParseServerData
2020-01-21 15:19:58 -  - exec CUpdateClientPartner::LoadModulesUpdates
2020-01-21 15:19:58 -  - exec CUpdateClientPartner::__CollectRequestData
2020-01-21 15:19:58 -  - utf=Y&lang=ru&stable=Y&CANGZIP=Y&SUPD_DBS=MYSQL&XE=N&CLIENT_SITE=bitrixstend.mobiumapps.com&LICENSE_KEY=X&SUPD_STS=1&SUPD_URS=0&SUPD_URSA=1&TYPENC=D&CLIENT_PHPVER=7.2.26&NGINX=Y&dbv=5.7.28&instm=main%2C20.0.0%2CY%3Bperfmon%2C18.5.0%2CN%3Brest%2C18.5.162%2CN%3Bphotogallery%2C18.0.0%2CN%3Bvote%2C18.5.200%2CN%3Bbitrixcloud%2C18.5.0%2CN%3Bbitrix.siteinfoportal%2C15.5.0%2CN%3Bui%2C19.0.400%2CN%3Bmobium.api%2C1.0.0%2CN%3Bbitrix.sitecommunity%2C15.5.0%2CN%3Bconversion%2C18.5.1%2CN%3Bsearch%2C18.5.200%2CN%3Bstoreassist%2C18.1.0%2CN%3Bbitrix.sitecorporate%2C15.5.0%2CN%3Bbizprocdesigner%2C19.0.200%2CN%3Bbizproc%2C19.0.300%2CN%3Babtest%2C18.5.0%2CN%3Bcalendar%2C19.0.375%2CN%3Btranslate%2C18.0.100%2CN%3Bsocialservices%2C19.0.0%2CN%3Bform%2C18.0.0%2CN%3Bmobileapp%2C19.0.100%2CN%3Bpull%2C19.0.300%2CN%3Biblock%2C18.6.1000%2CN%3Bscale%2C17.5.0%2CN%3Bsupport%2C16.0.0%2CN%3Bwebservice%2C18.0.0%2CN%3Bstatistic%2C18.5.0%2CN%3Bb24connector%2C18.5.0%2CN%3Bblog%2C19.0.100%2CN%3Bseo%2C19.0.800%2CN%3Bim%2C19.0.550%2CN%3Bhighloadblock%2C19.0.0%2CN%3Blanding%2C19.0.175%2CN%3Bsale%2C19.0.100%2CN%3Bsecurity%2C19.0.0%2CN%3Bcompression%2C19.0.0%2CN%3Bforum%2C19.0.0%2CN%3Bsubscribe%2C18.5.0%2CN%3Bmessageservice%2C19.0.0%2CN%3Bsocialnetwork%2C19.0.600%2CN%3Bclouds%2C19.0.0%2CN%3Bidea%2C17.5.1%2CN%3Bcatalog%2C18.7.0%2CN%3Blists%2C19.0.0%2CN%3Bbitrix.sitepersonal%2C15.5.0%2CN%3Bwiki%2C17.5.1%2CN%3Badvertising%2C20.0.0%2CN%3Bcurrency%2C19.0.0%2CN%3Bsender%2C19.0.200%2CN%3Bworkflow%2C18.5.0%2CN%3Bbitrix.eshop%2C18.5.0%2CN%3Bmail%2C19.0.300%2CN%3Blearning%2C17.5.1%2CN%3Bfileman%2C18.5.500%2CN%3Breport%2C19.0.100%2CN&reqm=bitrix.mpbuilder&lim=Y&SUPD_SRS=RU&SUPD_CMP=N
2020-01-21 15:19:58 -  - exec CUpdateClientPartner::GetHTTPPage
2020-01-21 15:19:58 -  - TIME LoadModulesUpdates(request) 0.222 sec
2020-01-21 15:19:58 -  - exec CUpdateClientPartner::ParseServerData
2020-01-21 15:19:58 - S - STEP
2020-01-21 15:19:58 - LMU01 - LoadModulesUpdates-Step
2020-01-21 15:19:58 -  - exec CUpdateClientPartner::LoadModulesUpdates
2020-01-21 15:19:58 -  - exec CUpdateClientPartner::ParseServerData
2020-01-21 15:19:58 -  - loadFile
2020-01-21 15:19:59 - U - RETURN
2020-01-21 15:19:59 -  - exec CUpdateClientPartner::UnGzipArchive
2020-01-21 15:19:59 -  - TIME UnGzipArchive 0.009 sec
2020-01-21 15:19:59 -  - TIME UpdateStepModules 0.008 sec
2020-01-21 15:19:59 - UPD_SUCCESS - Updated: bitrix.mpbuilder
2020-01-21 15:19:59 -  - exec CUpdateClientPartner::LoadModulesUpdates
2020-01-21 15:19:59 -  - exec CUpdateClientPartner::__CollectRequestData
2020-01-21 15:19:59 -  - utf=Y&lang=ru&stable=Y&CANGZIP=Y&SUPD_DBS=MYSQL&XE=N&CLIENT_SITE=bitrixstend.mobiumapps.com&LICENSE_KEY=X&SUPD_STS=1&SUPD_URS=0&SUPD_URSA=1&TYPENC=D&CLIENT_PHPVER=7.2.26&NGINX=Y&dbv=5.7.28&instm=main%2C20.0.0%2CY%3Bperfmon%2C18.5.0%2CN%3Brest%2C18.5.162%2CN%3Bbitrix.mpbuilder%2C1.0.6%2CN%3Bphotogallery%2C18.0.0%2CN%3Bvote%2C18.5.200%2CN%3Bbitrixcloud%2C18.5.0%2CN%3Bbitrix.siteinfoportal%2C15.5.0%2CN%3Bui%2C19.0.400%2CN%3Bmobium.api%2C1.0.0%2CN%3Bbitrix.sitecommunity%2C15.5.0%2CN%3Bconversion%2C18.5.1%2CN%3Bsearch%2C18.5.200%2CN%3Bstoreassist%2C18.1.0%2CN%3Bbitrix.sitecorporate%2C15.5.0%2CN%3Bbizprocdesigner%2C19.0.200%2CN%3Bbizproc%2C19.0.300%2CN%3Babtest%2C18.5.0%2CN%3Bcalendar%2C19.0.375%2CN%3Btranslate%2C18.0.100%2CN%3Bsocialservices%2C19.0.0%2CN%3Bform%2C18.0.0%2CN%3Bmobileapp%2C19.0.100%2CN%3Bpull%2C19.0.300%2CN%3Biblock%2C18.6.1000%2CN%3Bscale%2C17.5.0%2CN%3Bsupport%2C16.0.0%2CN%3Bwebservice%2C18.0.0%2CN%3Bstatistic%2C18.5.0%2CN%3Bb24connector%2C18.5.0%2CN%3Bblog%2C19.0.100%2CN%3Bseo%2C19.0.800%2CN%3Bim%2C19.0.550%2CN%3Bhighloadblock%2C19.0.0%2CN%3Blanding%2C19.0.175%2CN%3Bsale%2C19.0.100%2CN%3Bsecurity%2C19.0.0%2CN%3Bcompression%2C19.0.0%2CN%3Bforum%2C19.0.0%2CN%3Bsubscribe%2C18.5.0%2CN%3Bmessageservice%2C19.0.0%2CN%3Bsocialnetwork%2C19.0.600%2CN%3Bclouds%2C19.0.0%2CN%3Bidea%2C17.5.1%2CN%3Bcatalog%2C18.7.0%2CN%3Blists%2C19.0.0%2CN%3Bbitrix.sitepersonal%2C15.5.0%2CN%3Bwiki%2C17.5.1%2CN%3Badvertising%2C20.0.0%2CN%3Bcurrency%2C19.0.0%2CN%3Bsender%2C19.0.200%2CN%3Bworkflow%2C18.5.0%2CN%3Bbitrix.eshop%2C18.5.0%2CN%3Bmail%2C19.0.300%2CN%3Blearning%2C17.5.1%2CN%3Bfileman%2C18.5.500%2CN%3Breport%2C19.0.100%2CN&reqm=bitrix.mpbuilder&lim=Y&SUPD_SRS=RU&SUPD_CMP=N
2020-01-21 15:19:59 -  - exec CUpdateClientPartner::GetHTTPPage
2020-01-21 15:19:59 -  - TIME LoadModulesUpdates(request) 0.192 sec
2020-01-21 15:19:59 -  - exec CUpdateClientPartner::ParseServerData
2020-01-21 15:19:59 - S - STEP
2020-01-21 15:19:59 - LMU01 - LoadModulesUpdates-Step
2020-01-21 15:19:59 -  - exec CUpdateClientPartner::LoadModulesUpdates
2020-01-21 15:19:59 -  - exec CUpdateClientPartner::ParseServerData
2020-01-21 15:19:59 -  - loadFile
2020-01-21 15:19:59 - U - RETURN
2020-01-21 15:19:59 -  - exec CUpdateClientPartner::UnGzipArchive
2020-01-21 15:19:59 -  - TIME UnGzipArchive 0.008 sec
2020-01-21 15:19:59 - CSURUS1 - Run updater '/bitrix/updates/update_m1579616399/bitrix.mpbuilder/updater1.0.7.php'
2020-01-21 15:19:59 -  - TIME UpdateStepModules 0.019 sec
2020-01-21 15:19:59 - UPD_SUCCESS - Updated: bitrix.mpbuilder (1.0.7)<br><li>исправлена ошибка потере слеша при редактировании ключей <li>добавлено исключение в фильтр проактивной защиты
2020-01-21 15:19:59 -  - exec CUpdateClientPartner::LoadModulesUpdates
2020-01-21 15:19:59 -  - exec CUpdateClientPartner::__CollectRequestData
2020-01-21 15:19:59 -  - utf=Y&lang=ru&stable=Y&CANGZIP=Y&SUPD_DBS=MYSQL&XE=N&CLIENT_SITE=bitrixstend.mobiumapps.com&LICENSE_KEY=X&SUPD_STS=1&SUPD_URS=0&SUPD_URSA=1&TYPENC=D&CLIENT_PHPVER=7.2.26&NGINX=Y&dbv=5.7.28&instm=main%2C20.0.0%2CY%3Bperfmon%2C18.5.0%2CN%3Brest%2C18.5.162%2CN%3Bbitrix.mpbuilder%2C1.0.7%2CN%3Bphotogallery%2C18.0.0%2CN%3Bvote%2C18.5.200%2CN%3Bbitrixcloud%2C18.5.0%2CN%3Bbitrix.siteinfoportal%2C15.5.0%2CN%3Bui%2C19.0.400%2CN%3Bmobium.api%2C1.0.0%2CN%3Bbitrix.sitecommunity%2C15.5.0%2CN%3Bconversion%2C18.5.1%2CN%3Bsearch%2C18.5.200%2CN%3Bstoreassist%2C18.1.0%2CN%3Bbitrix.sitecorporate%2C15.5.0%2CN%3Bbizprocdesigner%2C19.0.200%2CN%3Bbizproc%2C19.0.300%2CN%3Babtest%2C18.5.0%2CN%3Bcalendar%2C19.0.375%2CN%3Btranslate%2C18.0.100%2CN%3Bsocialservices%2C19.0.0%2CN%3Bform%2C18.0.0%2CN%3Bmobileapp%2C19.0.100%2CN%3Bpull%2C19.0.300%2CN%3Biblock%2C18.6.1000%2CN%3Bscale%2C17.5.0%2CN%3Bsupport%2C16.0.0%2CN%3Bwebservice%2C18.0.0%2CN%3Bstatistic%2C18.5.0%2CN%3Bb24connector%2C18.5.0%2CN%3Bblog%2C19.0.100%2CN%3Bseo%2C19.0.800%2CN%3Bim%2C19.0.550%2CN%3Bhighloadblock%2C19.0.0%2CN%3Blanding%2C19.0.175%2CN%3Bsale%2C19.0.100%2CN%3Bsecurity%2C19.0.0%2CN%3Bcompression%2C19.0.0%2CN%3Bforum%2C19.0.0%2CN%3Bsubscribe%2C18.5.0%2CN%3Bmessageservice%2C19.0.0%2CN%3Bsocialnetwork%2C19.0.600%2CN%3Bclouds%2C19.0.0%2CN%3Bidea%2C17.5.1%2CN%3Bcatalog%2C18.7.0%2CN%3Blists%2C19.0.0%2CN%3Bbitrix.sitepersonal%2C15.5.0%2CN%3Bwiki%2C17.5.1%2CN%3Badvertising%2C20.0.0%2CN%3Bcurrency%2C19.0.0%2CN%3Bsender%2C19.0.200%2CN%3Bworkflow%2C18.5.0%2CN%3Bbitrix.eshop%2C18.5.0%2CN%3Bmail%2C19.0.300%2CN%3Blearning%2C17.5.1%2CN%3Bfileman%2C18.5.500%2CN%3Breport%2C19.0.100%2CN&reqm=bitrix.mpbuilder&lim=Y&SUPD_SRS=RU&SUPD_CMP=N
2020-01-21 15:19:59 -  - exec CUpdateClientPartner::GetHTTPPage
2020-01-21 15:19:59 -  - TIME LoadModulesUpdates(request) 0.198 sec
2020-01-21 15:19:59 -  - exec CUpdateClientPartner::ParseServerData
2020-01-21 15:19:59 - S - STEP
2020-01-21 15:19:59 - LMU01 - LoadModulesUpdates-Step
2020-01-21 15:20:00 -  - exec CUpdateClientPartner::LoadModulesUpdates
2020-01-21 15:20:00 -  - exec CUpdateClientPartner::ParseServerData
2020-01-21 15:20:00 -  - loadFile
2020-01-21 15:20:00 - U - RETURN
2020-01-21 15:20:00 -  - exec CUpdateClientPartner::UnGzipArchive
2020-01-21 15:20:00 -  - TIME UnGzipArchive 0.011 sec
2020-01-21 15:20:00 -  - TIME UpdateStepModules 0.007 sec
2020-01-21 15:20:00 - UPD_SUCCESS - Updated: bitrix.mpbuilder (1.0.8)<br>Исправлена ошибка подключения файла версии при сборке обновления
2020-01-21 15:20:00 -  - exec CUpdateClientPartner::LoadModulesUpdates
2020-01-21 15:20:00 -  - exec CUpdateClientPartner::__CollectRequestData
2020-01-21 15:20:00 -  - utf=Y&lang=ru&stable=Y&CANGZIP=Y&SUPD_DBS=MYSQL&XE=N&CLIENT_SITE=bitrixstend.mobiumapps.com&LICENSE_KEY=X&SUPD_STS=1&SUPD_URS=0&SUPD_URSA=1&TYPENC=D&CLIENT_PHPVER=7.2.26&NGINX=Y&dbv=5.7.28&instm=main%2C20.0.0%2CY%3Bperfmon%2C18.5.0%2CN%3Brest%2C18.5.162%2CN%3Bbitrix.mpbuilder%2C1.0.8%2CN%3Bphotogallery%2C18.0.0%2CN%3Bvote%2C18.5.200%2CN%3Bbitrixcloud%2C18.5.0%2CN%3Bbitrix.siteinfoportal%2C15.5.0%2CN%3Bui%2C19.0.400%2CN%3Bmobium.api%2C1.0.0%2CN%3Bbitrix.sitecommunity%2C15.5.0%2CN%3Bconversion%2C18.5.1%2CN%3Bsearch%2C18.5.200%2CN%3Bstoreassist%2C18.1.0%2CN%3Bbitrix.sitecorporate%2C15.5.0%2CN%3Bbizprocdesigner%2C19.0.200%2CN%3Bbizproc%2C19.0.300%2CN%3Babtest%2C18.5.0%2CN%3Bcalendar%2C19.0.375%2CN%3Btranslate%2C18.0.100%2CN%3Bsocialservices%2C19.0.0%2CN%3Bform%2C18.0.0%2CN%3Bmobileapp%2C19.0.100%2CN%3Bpull%2C19.0.300%2CN%3Biblock%2C18.6.1000%2CN%3Bscale%2C17.5.0%2CN%3Bsupport%2C16.0.0%2CN%3Bwebservice%2C18.0.0%2CN%3Bstatistic%2C18.5.0%2CN%3Bb24connector%2C18.5.0%2CN%3Bblog%2C19.0.100%2CN%3Bseo%2C19.0.800%2CN%3Bim%2C19.0.550%2CN%3Bhighloadblock%2C19.0.0%2CN%3Blanding%2C19.0.175%2CN%3Bsale%2C19.0.100%2CN%3Bsecurity%2C19.0.0%2CN%3Bcompression%2C19.0.0%2CN%3Bforum%2C19.0.0%2CN%3Bsubscribe%2C18.5.0%2CN%3Bmessageservice%2C19.0.0%2CN%3Bsocialnetwork%2C19.0.600%2CN%3Bclouds%2C19.0.0%2CN%3Bidea%2C17.5.1%2CN%3Bcatalog%2C18.7.0%2CN%3Blists%2C19.0.0%2CN%3Bbitrix.sitepersonal%2C15.5.0%2CN%3Bwiki%2C17.5.1%2CN%3Badvertising%2C20.0.0%2CN%3Bcurrency%2C19.0.0%2CN%3Bsender%2C19.0.200%2CN%3Bworkflow%2C18.5.0%2CN%3Bbitrix.eshop%2C18.5.0%2CN%3Bmail%2C19.0.300%2CN%3Blearning%2C17.5.1%2CN%3Bfileman%2C18.5.500%2CN%3Breport%2C19.0.100%2CN&reqm=bitrix.mpbuilder&lim=Y&SUPD_SRS=RU&SUPD_CMP=N
2020-01-21 15:20:00 -  - exec CUpdateClientPartner::GetHTTPPage
2020-01-21 15:20:00 -  - TIME LoadModulesUpdates(request) 0.193 sec
2020-01-21 15:20:00 -  - exec CUpdateClientPartner::ParseServerData
2020-01-21 15:20:00 - S - STEP
2020-01-21 15:20:00 - LMU01 - LoadModulesUpdates-Step
2020-01-21 15:20:00 -  - exec CUpdateClientPartner::LoadModulesUpdates
2020-01-21 15:20:00 -  - exec CUpdateClientPartner::ParseServerData
2020-01-21 15:20:00 -  - loadFile
2020-01-21 15:20:00 - U - RETURN
2020-01-21 15:20:00 -  - exec CUpdateClientPartner::UnGzipArchive
2020-01-21 15:20:00 -  - TIME UnGzipArchive 0.003 sec
2020-01-21 15:20:00 -  - TIME UpdateStepModules 0.003 sec
2020-01-21 15:20:00 - UPD_SUCCESS - Updated: bitrix.mpbuilder (1.0.9)<br>Улучшен алгоритм выделения языковых фраз. 
2020-01-21 15:20:00 -  - exec CUpdateClientPartner::LoadModulesUpdates
2020-01-21 15:20:00 -  - exec CUpdateClientPartner::__CollectRequestData
2020-01-21 15:20:00 -  - utf=Y&lang=ru&stable=Y&CANGZIP=Y&SUPD_DBS=MYSQL&XE=N&CLIENT_SITE=bitrixstend.mobiumapps.com&LICENSE_KEY=X&SUPD_STS=1&SUPD_URS=0&SUPD_URSA=1&TYPENC=D&CLIENT_PHPVER=7.2.26&NGINX=Y&dbv=5.7.28&instm=main%2C20.0.0%2CY%3Bperfmon%2C18.5.0%2CN%3Brest%2C18.5.162%2CN%3Bbitrix.mpbuilder%2C1.0.9%2CN%3Bphotogallery%2C18.0.0%2CN%3Bvote%2C18.5.200%2CN%3Bbitrixcloud%2C18.5.0%2CN%3Bbitrix.siteinfoportal%2C15.5.0%2CN%3Bui%2C19.0.400%2CN%3Bmobium.api%2C1.0.0%2CN%3Bbitrix.sitecommunity%2C15.5.0%2CN%3Bconversion%2C18.5.1%2CN%3Bsearch%2C18.5.200%2CN%3Bstoreassist%2C18.1.0%2CN%3Bbitrix.sitecorporate%2C15.5.0%2CN%3Bbizprocdesigner%2C19.0.200%2CN%3Bbizproc%2C19.0.300%2CN%3Babtest%2C18.5.0%2CN%3Bcalendar%2C19.0.375%2CN%3Btranslate%2C18.0.100%2CN%3Bsocialservices%2C19.0.0%2CN%3Bform%2C18.0.0%2CN%3Bmobileapp%2C19.0.100%2CN%3Bpull%2C19.0.300%2CN%3Biblock%2C18.6.1000%2CN%3Bscale%2C17.5.0%2CN%3Bsupport%2C16.0.0%2CN%3Bwebservice%2C18.0.0%2CN%3Bstatistic%2C18.5.0%2CN%3Bb24connector%2C18.5.0%2CN%3Bblog%2C19.0.100%2CN%3Bseo%2C19.0.800%2CN%3Bim%2C19.0.550%2CN%3Bhighloadblock%2C19.0.0%2CN%3Blanding%2C19.0.175%2CN%3Bsale%2C19.0.100%2CN%3Bsecurity%2C19.0.0%2CN%3Bcompression%2C19.0.0%2CN%3Bforum%2C19.0.0%2CN%3Bsubscribe%2C18.5.0%2CN%3Bmessageservice%2C19.0.0%2CN%3Bsocialnetwork%2C19.0.600%2CN%3Bclouds%2C19.0.0%2CN%3Bidea%2C17.5.1%2CN%3Bcatalog%2C18.7.0%2CN%3Blists%2C19.0.0%2CN%3Bbitrix.sitepersonal%2C15.5.0%2CN%3Bwiki%2C17.5.1%2CN%3Badvertising%2C20.0.0%2CN%3Bcurrency%2C19.0.0%2CN%3Bsender%2C19.0.200%2CN%3Bworkflow%2C18.5.0%2CN%3Bbitrix.eshop%2C18.5.0%2CN%3Bmail%2C19.0.300%2CN%3Blearning%2C17.5.1%2CN%3Bfileman%2C18.5.500%2CN%3Breport%2C19.0.100%2CN&reqm=bitrix.mpbuilder&lim=Y&SUPD_SRS=RU&SUPD_CMP=N
2020-01-21 15:20:00 -  - exec CUpdateClientPartner::GetHTTPPage
2020-01-21 15:20:01 -  - TIME LoadModulesUpdates(request) 0.209 sec
2020-01-21 15:20:01 -  - exec CUpdateClientPartner::ParseServerData
2020-01-21 15:20:01 - S - STEP
2020-01-21 15:20:01 - LMU01 - LoadModulesUpdates-Step
2020-01-21 15:20:01 -  - exec CUpdateClientPartner::LoadModulesUpdates
2020-01-21 15:20:01 -  - exec CUpdateClientPartner::ParseServerData
2020-01-21 15:20:01 -  - loadFile
2020-01-21 15:20:01 - U - RETURN
2020-01-21 15:20:01 -  - exec CUpdateClientPartner::UnGzipArchive
2020-01-21 15:20:01 -  - TIME UnGzipArchive 0.002 sec
2020-01-21 15:20:01 -  - TIME UpdateStepModules 0.003 sec
2020-01-21 15:20:01 - UPD_SUCCESS - Updated: bitrix.mpbuilder (1.0.10)<br>Улучшен алгоритм выделения языковых фраз: учитываются html теги.
2020-01-21 15:20:01 -  - exec CUpdateClientPartner::LoadModulesUpdates
2020-01-21 15:20:01 -  - exec CUpdateClientPartner::__CollectRequestData
2020-01-21 15:20:01 -  - utf=Y&lang=ru&stable=Y&CANGZIP=Y&SUPD_DBS=MYSQL&XE=N&CLIENT_SITE=bitrixstend.mobiumapps.com&LICENSE_KEY=X&SUPD_STS=1&SUPD_URS=0&SUPD_URSA=1&TYPENC=D&CLIENT_PHPVER=7.2.26&NGINX=Y&dbv=5.7.28&instm=main%2C20.0.0%2CY%3Bperfmon%2C18.5.0%2CN%3Brest%2C18.5.162%2CN%3Bbitrix.mpbuilder%2C1.0.10%2CN%3Bphotogallery%2C18.0.0%2CN%3Bvote%2C18.5.200%2CN%3Bbitrixcloud%2C18.5.0%2CN%3Bbitrix.siteinfoportal%2C15.5.0%2CN%3Bui%2C19.0.400%2CN%3Bmobium.api%2C1.0.0%2CN%3Bbitrix.sitecommunity%2C15.5.0%2CN%3Bconversion%2C18.5.1%2CN%3Bsearch%2C18.5.200%2CN%3Bstoreassist%2C18.1.0%2CN%3Bbitrix.sitecorporate%2C15.5.0%2CN%3Bbizprocdesigner%2C19.0.200%2CN%3Bbizproc%2C19.0.300%2CN%3Babtest%2C18.5.0%2CN%3Bcalendar%2C19.0.375%2CN%3Btranslate%2C18.0.100%2CN%3Bsocialservices%2C19.0.0%2CN%3Bform%2C18.0.0%2CN%3Bmobileapp%2C19.0.100%2CN%3Bpull%2C19.0.300%2CN%3Biblock%2C18.6.1000%2CN%3Bscale%2C17.5.0%2CN%3Bsupport%2C16.0.0%2CN%3Bwebservice%2C18.0.0%2CN%3Bstatistic%2C18.5.0%2CN%3Bb24connector%2C18.5.0%2CN%3Bblog%2C19.0.100%2CN%3Bseo%2C19.0.800%2CN%3Bim%2C19.0.550%2CN%3Bhighloadblock%2C19.0.0%2CN%3Blanding%2C19.0.175%2CN%3Bsale%2C19.0.100%2CN%3Bsecurity%2C19.0.0%2CN%3Bcompression%2C19.0.0%2CN%3Bforum%2C19.0.0%2CN%3Bsubscribe%2C18.5.0%2CN%3Bmessageservice%2C19.0.0%2CN%3Bsocialnetwork%2C19.0.600%2CN%3Bclouds%2C19.0.0%2CN%3Bidea%2C17.5.1%2CN%3Bcatalog%2C18.7.0%2CN%3Blists%2C19.0.0%2CN%3Bbitrix.sitepersonal%2C15.5.0%2CN%3Bwiki%2C17.5.1%2CN%3Badvertising%2C20.0.0%2CN%3Bcurrency%2C19.0.0%2CN%3Bsender%2C19.0.200%2CN%3Bworkflow%2C18.5.0%2CN%3Bbitrix.eshop%2C18.5.0%2CN%3Bmail%2C19.0.300%2CN%3Blearning%2C17.5.1%2CN%3Bfileman%2C18.5.500%2CN%3Breport%2C19.0.100%2CN&reqm=bitrix.mpbuilder&lim=Y&SUPD_SRS=RU&SUPD_CMP=N
2020-01-21 15:20:01 -  - exec CUpdateClientPartner::GetHTTPPage
2020-01-21 15:20:01 -  - TIME LoadModulesUpdates(request) 0.207 sec
2020-01-21 15:20:01 -  - exec CUpdateClientPartner::ParseServerData
2020-01-21 15:20:01 - S - STEP
2020-01-21 15:20:01 - LMU01 - LoadModulesUpdates-Step
2020-01-21 15:20:01 -  - exec CUpdateClientPartner::LoadModulesUpdates
2020-01-21 15:20:01 -  - exec CUpdateClientPartner::ParseServerData
2020-01-21 15:20:01 -  - loadFile
2020-01-21 15:20:01 - U - RETURN
2020-01-21 15:20:01 -  - exec CUpdateClientPartner::UnGzipArchive
2020-01-21 15:20:01 -  - TIME UnGzipArchive 0.01 sec
2020-01-21 15:20:01 -  - TIME UpdateStepModules 0.012 sec
2020-01-21 15:20:01 - UPD_SUCCESS - Updated: bitrix.mpbuilder (1.0.11)<br>Усилена безопасность
2020-01-21 15:20:02 -  - exec CUpdateClientPartner::LoadModulesUpdates
2020-01-21 15:20:02 -  - exec CUpdateClientPartner::__CollectRequestData
2020-01-21 15:20:02 -  - utf=Y&lang=ru&stable=Y&CANGZIP=Y&SUPD_DBS=MYSQL&XE=N&CLIENT_SITE=bitrixstend.mobiumapps.com&LICENSE_KEY=X&SUPD_STS=1&SUPD_URS=0&SUPD_URSA=1&TYPENC=D&CLIENT_PHPVER=7.2.26&NGINX=Y&dbv=5.7.28&instm=main%2C20.0.0%2CY%3Bperfmon%2C18.5.0%2CN%3Brest%2C18.5.162%2CN%3Bbitrix.mpbuilder%2C1.0.11%2CN%3Bphotogallery%2C18.0.0%2CN%3Bvote%2C18.5.200%2CN%3Bbitrixcloud%2C18.5.0%2CN%3Bbitrix.siteinfoportal%2C15.5.0%2CN%3Bui%2C19.0.400%2CN%3Bmobium.api%2C1.0.0%2CN%3Bbitrix.sitecommunity%2C15.5.0%2CN%3Bconversion%2C18.5.1%2CN%3Bsearch%2C18.5.200%2CN%3Bstoreassist%2C18.1.0%2CN%3Bbitrix.sitecorporate%2C15.5.0%2CN%3Bbizprocdesigner%2C19.0.200%2CN%3Bbizproc%2C19.0.300%2CN%3Babtest%2C18.5.0%2CN%3Bcalendar%2C19.0.375%2CN%3Btranslate%2C18.0.100%2CN%3Bsocialservices%2C19.0.0%2CN%3Bform%2C18.0.0%2CN%3Bmobileapp%2C19.0.100%2CN%3Bpull%2C19.0.300%2CN%3Biblock%2C18.6.1000%2CN%3Bscale%2C17.5.0%2CN%3Bsupport%2C16.0.0%2CN%3Bwebservice%2C18.0.0%2CN%3Bstatistic%2C18.5.0%2CN%3Bb24connector%2C18.5.0%2CN%3Bblog%2C19.0.100%2CN%3Bseo%2C19.0.800%2CN%3Bim%2C19.0.550%2CN%3Bhighloadblock%2C19.0.0%2CN%3Blanding%2C19.0.175%2CN%3Bsale%2C19.0.100%2CN%3Bsecurity%2C19.0.0%2CN%3Bcompression%2C19.0.0%2CN%3Bforum%2C19.0.0%2CN%3Bsubscribe%2C18.5.0%2CN%3Bmessageservice%2C19.0.0%2CN%3Bsocialnetwork%2C19.0.600%2CN%3Bclouds%2C19.0.0%2CN%3Bidea%2C17.5.1%2CN%3Bcatalog%2C18.7.0%2CN%3Blists%2C19.0.0%2CN%3Bbitrix.sitepersonal%2C15.5.0%2CN%3Bwiki%2C17.5.1%2CN%3Badvertising%2C20.0.0%2CN%3Bcurrency%2C19.0.0%2CN%3Bsender%2C19.0.200%2CN%3Bworkflow%2C18.5.0%2CN%3Bbitrix.eshop%2C18.5.0%2CN%3Bmail%2C19.0.300%2CN%3Blearning%2C17.5.1%2CN%3Bfileman%2C18.5.500%2CN%3Breport%2C19.0.100%2CN&reqm=bitrix.mpbuilder&lim=Y&SUPD_SRS=RU&SUPD_CMP=N
2020-01-21 15:20:02 -  - exec CUpdateClientPartner::GetHTTPPage
2020-01-21 15:20:02 -  - TIME LoadModulesUpdates(request) 0.299 sec
2020-01-21 15:20:02 -  - exec CUpdateClientPartner::ParseServerData
2020-01-21 15:20:02 - S - STEP
2020-01-21 15:20:02 - LMU01 - LoadModulesUpdates-Step
2020-01-21 15:20:02 -  - exec CUpdateClientPartner::LoadModulesUpdates
2020-01-21 15:20:02 -  - exec CUpdateClientPartner::ParseServerData
2020-01-21 15:20:02 -  - loadFile
2020-01-21 15:20:02 - U - RETURN
2020-01-21 15:20:02 -  - exec CUpdateClientPartner::UnGzipArchive
2020-01-21 15:20:02 -  - TIME UnGzipArchive 0.002 sec
2020-01-21 15:20:02 -  - TIME UpdateStepModules 0.003 sec
2020-01-21 15:20:02 - UPD_SUCCESS - Updated: bitrix.mpbuilder (1.0.12)<br>Устранено несколько потенциальных проблем безопасности
2020-01-21 15:20:02 -  - exec CUpdateClientPartner::LoadModulesUpdates
2020-01-21 15:20:02 -  - exec CUpdateClientPartner::__CollectRequestData
2020-01-21 15:20:02 -  - utf=Y&lang=ru&stable=Y&CANGZIP=Y&SUPD_DBS=MYSQL&XE=N&CLIENT_SITE=bitrixstend.mobiumapps.com&LICENSE_KEY=X&SUPD_STS=1&SUPD_URS=0&SUPD_URSA=1&TYPENC=D&CLIENT_PHPVER=7.2.26&NGINX=Y&dbv=5.7.28&instm=main%2C20.0.0%2CY%3Bperfmon%2C18.5.0%2CN%3Brest%2C18.5.162%2CN%3Bbitrix.mpbuilder%2C1.0.12%2CN%3Bphotogallery%2C18.0.0%2CN%3Bvote%2C18.5.200%2CN%3Bbitrixcloud%2C18.5.0%2CN%3Bbitrix.siteinfoportal%2C15.5.0%2CN%3Bui%2C19.0.400%2CN%3Bmobium.api%2C1.0.0%2CN%3Bbitrix.sitecommunity%2C15.5.0%2CN%3Bconversion%2C18.5.1%2CN%3Bsearch%2C18.5.200%2CN%3Bstoreassist%2C18.1.0%2CN%3Bbitrix.sitecorporate%2C15.5.0%2CN%3Bbizprocdesigner%2C19.0.200%2CN%3Bbizproc%2C19.0.300%2CN%3Babtest%2C18.5.0%2CN%3Bcalendar%2C19.0.375%2CN%3Btranslate%2C18.0.100%2CN%3Bsocialservices%2C19.0.0%2CN%3Bform%2C18.0.0%2CN%3Bmobileapp%2C19.0.100%2CN%3Bpull%2C19.0.300%2CN%3Biblock%2C18.6.1000%2CN%3Bscale%2C17.5.0%2CN%3Bsupport%2C16.0.0%2CN%3Bwebservice%2C18.0.0%2CN%3Bstatistic%2C18.5.0%2CN%3Bb24connector%2C18.5.0%2CN%3Bblog%2C19.0.100%2CN%3Bseo%2C19.0.800%2CN%3Bim%2C19.0.550%2CN%3Bhighloadblock%2C19.0.0%2CN%3Blanding%2C19.0.175%2CN%3Bsale%2C19.0.100%2CN%3Bsecurity%2C19.0.0%2CN%3Bcompression%2C19.0.0%2CN%3Bforum%2C19.0.0%2CN%3Bsubscribe%2C18.5.0%2CN%3Bmessageservice%2C19.0.0%2CN%3Bsocialnetwork%2C19.0.600%2CN%3Bclouds%2C19.0.0%2CN%3Bidea%2C17.5.1%2CN%3Bcatalog%2C18.7.0%2CN%3Blists%2C19.0.0%2CN%3Bbitrix.sitepersonal%2C15.5.0%2CN%3Bwiki%2C17.5.1%2CN%3Badvertising%2C20.0.0%2CN%3Bcurrency%2C19.0.0%2CN%3Bsender%2C19.0.200%2CN%3Bworkflow%2C18.5.0%2CN%3Bbitrix.eshop%2C18.5.0%2CN%3Bmail%2C19.0.300%2CN%3Blearning%2C17.5.1%2CN%3Bfileman%2C18.5.500%2CN%3Breport%2C19.0.100%2CN&reqm=bitrix.mpbuilder&lim=Y&SUPD_SRS=RU&SUPD_CMP=N
2020-01-21 15:20:02 -  - exec CUpdateClientPartner::GetHTTPPage
2020-01-21 15:20:06 -  - TIME LoadModulesUpdates(request) 3.435 sec
2020-01-21 15:20:06 -  - exec CUpdateClientPartner::ParseServerData
2020-01-21 15:20:06 - S - STEP
2020-01-21 15:20:06 - LMU01 - LoadModulesUpdates-Step
2020-01-21 15:20:06 -  - exec CUpdateClientPartner::LoadModulesUpdates
2020-01-21 15:20:06 -  - exec CUpdateClientPartner::ParseServerData
2020-01-21 15:20:06 -  - loadFile
2020-01-21 15:20:06 - U - RETURN
2020-01-21 15:20:06 -  - exec CUpdateClientPartner::UnGzipArchive
2020-01-21 15:20:06 -  - TIME UnGzipArchive 0 sec
2020-01-21 15:20:06 -  - TIME UpdateStepModules 0.001 sec
2020-01-21 15:20:06 - UPD_SUCCESS - Updated: bitrix.mpbuilder (1.0.13)<br>Исправлена ошибка выбора файла на третьем шаге
2020-01-21 15:20:06 -  - exec CUpdateClientPartner::LoadModulesUpdates
2020-01-21 15:20:06 -  - exec CUpdateClientPartner::__CollectRequestData
2020-01-21 15:20:06 -  - utf=Y&lang=ru&stable=Y&CANGZIP=Y&SUPD_DBS=MYSQL&XE=N&CLIENT_SITE=bitrixstend.mobiumapps.com&LICENSE_KEY=X&SUPD_STS=1&SUPD_URS=0&SUPD_URSA=1&TYPENC=D&CLIENT_PHPVER=7.2.26&NGINX=Y&dbv=5.7.28&instm=main%2C20.0.0%2CY%3Bperfmon%2C18.5.0%2CN%3Brest%2C18.5.162%2CN%3Bbitrix.mpbuilder%2C1.0.13%2CN%3Bphotogallery%2C18.0.0%2CN%3Bvote%2C18.5.200%2CN%3Bbitrixcloud%2C18.5.0%2CN%3Bbitrix.siteinfoportal%2C15.5.0%2CN%3Bui%2C19.0.400%2CN%3Bmobium.api%2C1.0.0%2CN%3Bbitrix.sitecommunity%2C15.5.0%2CN%3Bconversion%2C18.5.1%2CN%3Bsearch%2C18.5.200%2CN%3Bstoreassist%2C18.1.0%2CN%3Bbitrix.sitecorporate%2C15.5.0%2CN%3Bbizprocdesigner%2C19.0.200%2CN%3Bbizproc%2C19.0.300%2CN%3Babtest%2C18.5.0%2CN%3Bcalendar%2C19.0.375%2CN%3Btranslate%2C18.0.100%2CN%3Bsocialservices%2C19.0.0%2CN%3Bform%2C18.0.0%2CN%3Bmobileapp%2C19.0.100%2CN%3Bpull%2C19.0.300%2CN%3Biblock%2C18.6.1000%2CN%3Bscale%2C17.5.0%2CN%3Bsupport%2C16.0.0%2CN%3Bwebservice%2C18.0.0%2CN%3Bstatistic%2C18.5.0%2CN%3Bb24connector%2C18.5.0%2CN%3Bblog%2C19.0.100%2CN%3Bseo%2C19.0.800%2CN%3Bim%2C19.0.550%2CN%3Bhighloadblock%2C19.0.0%2CN%3Blanding%2C19.0.175%2CN%3Bsale%2C19.0.100%2CN%3Bsecurity%2C19.0.0%2CN%3Bcompression%2C19.0.0%2CN%3Bforum%2C19.0.0%2CN%3Bsubscribe%2C18.5.0%2CN%3Bmessageservice%2C19.0.0%2CN%3Bsocialnetwork%2C19.0.600%2CN%3Bclouds%2C19.0.0%2CN%3Bidea%2C17.5.1%2CN%3Bcatalog%2C18.7.0%2CN%3Blists%2C19.0.0%2CN%3Bbitrix.sitepersonal%2C15.5.0%2CN%3Bwiki%2C17.5.1%2CN%3Badvertising%2C20.0.0%2CN%3Bcurrency%2C19.0.0%2CN%3Bsender%2C19.0.200%2CN%3Bworkflow%2C18.5.0%2CN%3Bbitrix.eshop%2C18.5.0%2CN%3Bmail%2C19.0.300%2CN%3Blearning%2C17.5.1%2CN%3Bfileman%2C18.5.500%2CN%3Breport%2C19.0.100%2CN&reqm=bitrix.mpbuilder&lim=Y&SUPD_SRS=RU&SUPD_CMP=N
2020-01-21 15:20:06 -  - exec CUpdateClientPartner::GetHTTPPage
2020-01-21 15:20:06 -  - TIME LoadModulesUpdates(request) 0.23 sec
2020-01-21 15:20:06 -  - exec CUpdateClientPartner::ParseServerData
2020-01-21 15:20:06 - S - STEP
2020-01-21 15:20:06 - LMU01 - LoadModulesUpdates-Step
2020-01-21 15:20:06 -  - exec CUpdateClientPartner::LoadModulesUpdates
2020-01-21 15:20:06 -  - exec CUpdateClientPartner::ParseServerData
2020-01-21 15:20:06 -  - loadFile
2020-01-21 15:20:06 - U - RETURN
2020-01-21 15:20:06 -  - exec CUpdateClientPartner::UnGzipArchive
2020-01-21 15:20:06 -  - TIME UnGzipArchive 0.003 sec
2020-01-21 15:20:06 -  - TIME UpdateStepModules 0.003 sec
2020-01-21 15:20:06 - UPD_SUCCESS - Updated: bitrix.mpbuilder (1.0.14)<br>Заменена htmlspecialchars на htmlspecialcharsbx во избежание пропадания языковых фраз на UTF8 установках
2020-01-21 15:20:07 -  - exec CUpdateClientPartner::LoadModulesUpdates
2020-01-21 15:20:07 -  - exec CUpdateClientPartner::__CollectRequestData
2020-01-21 15:20:07 -  - utf=Y&lang=ru&stable=Y&CANGZIP=Y&SUPD_DBS=MYSQL&XE=N&CLIENT_SITE=bitrixstend.mobiumapps.com&LICENSE_KEY=X&SUPD_STS=1&SUPD_URS=0&SUPD_URSA=1&TYPENC=D&CLIENT_PHPVER=7.2.26&NGINX=Y&dbv=5.7.28&instm=main%2C20.0.0%2CY%3Bperfmon%2C18.5.0%2CN%3Brest%2C18.5.162%2CN%3Bbitrix.mpbuilder%2C1.0.14%2CN%3Bphotogallery%2C18.0.0%2CN%3Bvote%2C18.5.200%2CN%3Bbitrixcloud%2C18.5.0%2CN%3Bbitrix.siteinfoportal%2C15.5.0%2CN%3Bui%2C19.0.400%2CN%3Bmobium.api%2C1.0.0%2CN%3Bbitrix.sitecommunity%2C15.5.0%2CN%3Bconversion%2C18.5.1%2CN%3Bsearch%2C18.5.200%2CN%3Bstoreassist%2C18.1.0%2CN%3Bbitrix.sitecorporate%2C15.5.0%2CN%3Bbizprocdesigner%2C19.0.200%2CN%3Bbizproc%2C19.0.300%2CN%3Babtest%2C18.5.0%2CN%3Bcalendar%2C19.0.375%2CN%3Btranslate%2C18.0.100%2CN%3Bsocialservices%2C19.0.0%2CN%3Bform%2C18.0.0%2CN%3Bmobileapp%2C19.0.100%2CN%3Bpull%2C19.0.300%2CN%3Biblock%2C18.6.1000%2CN%3Bscale%2C17.5.0%2CN%3Bsupport%2C16.0.0%2CN%3Bwebservice%2C18.0.0%2CN%3Bstatistic%2C18.5.0%2CN%3Bb24connector%2C18.5.0%2CN%3Bblog%2C19.0.100%2CN%3Bseo%2C19.0.800%2CN%3Bim%2C19.0.550%2CN%3Bhighloadblock%2C19.0.0%2CN%3Blanding%2C19.0.175%2CN%3Bsale%2C19.0.100%2CN%3Bsecurity%2C19.0.0%2CN%3Bcompression%2C19.0.0%2CN%3Bforum%2C19.0.0%2CN%3Bsubscribe%2C18.5.0%2CN%3Bmessageservice%2C19.0.0%2CN%3Bsocialnetwork%2C19.0.600%2CN%3Bclouds%2C19.0.0%2CN%3Bidea%2C17.5.1%2CN%3Bcatalog%2C18.7.0%2CN%3Blists%2C19.0.0%2CN%3Bbitrix.sitepersonal%2C15.5.0%2CN%3Bwiki%2C17.5.1%2CN%3Badvertising%2C20.0.0%2CN%3Bcurrency%2C19.0.0%2CN%3Bsender%2C19.0.200%2CN%3Bworkflow%2C18.5.0%2CN%3Bbitrix.eshop%2C18.5.0%2CN%3Bmail%2C19.0.300%2CN%3Blearning%2C17.5.1%2CN%3Bfileman%2C18.5.500%2CN%3Breport%2C19.0.100%2CN&reqm=bitrix.mpbuilder&lim=Y&SUPD_SRS=RU&SUPD_CMP=N
2020-01-21 15:20:07 -  - exec CUpdateClientPartner::GetHTTPPage
2020-01-21 15:20:07 -  - TIME LoadModulesUpdates(request) 0.233 sec
2020-01-21 15:20:07 -  - exec CUpdateClientPartner::ParseServerData
2020-01-21 15:20:07 - STEP - Finish - NOUPDATES
2020-01-21 15:20:07 - STEP - Finish - NOUPDATES
2020-01-21 15:20:14 -  - exec CUpdateClientPartner::GetUpdatesList
2020-01-21 15:20:14 -  - exec CUpdateClientPartner::__CollectRequestData
2020-01-21 15:20:14 -  - utf=Y&lang=ru&stable=Y&CANGZIP=Y&SUPD_DBS=MYSQL&XE=N&CLIENT_SITE=bitrixstend.mobiumapps.com&LICENSE_KEY=X&SUPD_STS=1&SUPD_URS=0&SUPD_URSA=1&TYPENC=D&CLIENT_PHPVER=7.2.26&NGINX=Y&dbv=5.7.28&instm=main%2C20.0.0%2CY%3Bperfmon%2C18.5.0%2CN%3Brest%2C18.5.162%2CN%3Bbitrix.mpbuilder%2C1.0.14%2CN%3Bphotogallery%2C18.0.0%2CN%3Bvote%2C18.5.200%2CN%3Bbitrixcloud%2C18.5.0%2CN%3Bbitrix.siteinfoportal%2C15.5.0%2CN%3Bui%2C19.0.400%2CN%3Bmobium.api%2C1.0.0%2CN%3Bbitrix.sitecommunity%2C15.5.0%2CN%3Bconversion%2C18.5.1%2CN%3Bsearch%2C18.5.200%2CN%3Bstoreassist%2C18.1.0%2CN%3Bbitrix.sitecorporate%2C15.5.0%2CN%3Bbizprocdesigner%2C19.0.200%2CN%3Bbizproc%2C19.0.300%2CN%3Babtest%2C18.5.0%2CN%3Bcalendar%2C19.0.375%2CN%3Btranslate%2C18.0.100%2CN%3Bsocialservices%2C19.0.0%2CN%3Bform%2C18.0.0%2CN%3Bmobileapp%2C19.0.100%2CN%3Bpull%2C19.0.300%2CN%3Biblock%2C18.6.1000%2CN%3Bscale%2C17.5.0%2CN%3Bsupport%2C16.0.0%2CN%3Bwebservice%2C18.0.0%2CN%3Bstatistic%2C18.5.0%2CN%3Bb24connector%2C18.5.0%2CN%3Bblog%2C19.0.100%2CN%3Bseo%2C19.0.800%2CN%3Bim%2C19.0.550%2CN%3Bhighloadblock%2C19.0.0%2CN%3Blanding%2C19.0.175%2CN%3Bsale%2C19.0.100%2CN%3Bsecurity%2C19.0.0%2CN%3Bcompression%2C19.0.0%2CN%3Bforum%2C19.0.0%2CN%3Bsubscribe%2C18.5.0%2CN%3Bmessageservice%2C19.0.0%2CN%3Bsocialnetwork%2C19.0.600%2CN%3Bclouds%2C19.0.0%2CN%3Bidea%2C17.5.1%2CN%3Bcatalog%2C18.7.0%2CN%3Blists%2C19.0.0%2CN%3Bbitrix.sitepersonal%2C15.5.0%2CN%3Bwiki%2C17.5.1%2CN%3Badvertising%2C20.0.0%2CN%3Bcurrency%2C19.0.0%2CN%3Bsender%2C19.0.200%2CN%3Bworkflow%2C18.5.0%2CN%3Bbitrix.eshop%2C18.5.0%2CN%3Bmail%2C19.0.300%2CN%3Blearning%2C17.5.1%2CN%3Bfileman%2C18.5.500%2CN%3Breport%2C19.0.100%2CN&reqm=bitrix.mpbuilder%2Cbitrix.siteinfoportal%2Cmobium.api%2Cbitrix.sitecommunity%2Cbitrix.sitecorporate%2Cbitrix.sitepersonal%2Cbitrix.eshop&fullmoduleinfo=Y&SUPD_SRS=RU&SUPD_CMP=N
2020-01-21 15:20:14 -  - exec CUpdateClientPartner::GetHTTPPage
2020-01-21 15:20:14 -  - TIME GetUpdatesList(request) 0.21 sec
2020-01-21 15:20:14 -  - exec CUpdateClientPartner::ParseServerData
2020-01-21 15:20:15 -  - exec CUpdateClientPartner::GetUpdatesList
2020-01-21 15:20:15 -  - exec CUpdateClientPartner::__CollectRequestData
2020-01-21 15:20:15 -  - utf=Y&lang=ru&stable=Y&CANGZIP=Y&SUPD_DBS=MYSQL&XE=N&CLIENT_SITE=bitrixstend.mobiumapps.com&LICENSE_KEY=X&SUPD_STS=1&SUPD_URS=0&SUPD_URSA=1&TYPENC=D&CLIENT_PHPVER=7.2.26&NGINX=Y&dbv=5.7.28&instm=main%2C20.0.0%2CY%3Bperfmon%2C18.5.0%2CN%3Brest%2C18.5.162%2CN%3Bbitrix.mpbuilder%2C1.0.14%2CN%3Bphotogallery%2C18.0.0%2CN%3Bvote%2C18.5.200%2CN%3Bbitrixcloud%2C18.5.0%2CN%3Bbitrix.siteinfoportal%2C15.5.0%2CN%3Bui%2C19.0.400%2CN%3Bmobium.api%2C1.0.0%2CN%3Bbitrix.sitecommunity%2C15.5.0%2CN%3Bconversion%2C18.5.1%2CN%3Bsearch%2C18.5.200%2CN%3Bstoreassist%2C18.1.0%2CN%3Bbitrix.sitecorporate%2C15.5.0%2CN%3Bbizprocdesigner%2C19.0.200%2CN%3Bbizproc%2C19.0.300%2CN%3Babtest%2C18.5.0%2CN%3Bcalendar%2C19.0.375%2CN%3Btranslate%2C18.0.100%2CN%3Bsocialservices%2C19.0.0%2CN%3Bform%2C18.0.0%2CN%3Bmobileapp%2C19.0.100%2CN%3Bpull%2C19.0.300%2CN%3Biblock%2C18.6.1000%2CN%3Bscale%2C17.5.0%2CN%3Bsupport%2C16.0.0%2CN%3Bwebservice%2C18.0.0%2CN%3Bstatistic%2C18.5.0%2CN%3Bb24connector%2C18.5.0%2CN%3Bblog%2C19.0.100%2CN%3Bseo%2C19.0.800%2CN%3Bim%2C19.0.550%2CN%3Bhighloadblock%2C19.0.0%2CN%3Blanding%2C19.0.175%2CN%3Bsale%2C19.0.100%2CN%3Bsecurity%2C19.0.0%2CN%3Bcompression%2C19.0.0%2CN%3Bforum%2C19.0.0%2CN%3Bsubscribe%2C18.5.0%2CN%3Bmessageservice%2C19.0.0%2CN%3Bsocialnetwork%2C19.0.600%2CN%3Bclouds%2C19.0.0%2CN%3Bidea%2C17.5.1%2CN%3Bcatalog%2C18.7.0%2CN%3Blists%2C19.0.0%2CN%3Bbitrix.sitepersonal%2C15.5.0%2CN%3Bwiki%2C17.5.1%2CN%3Badvertising%2C20.0.0%2CN%3Bcurrency%2C19.0.0%2CN%3Bsender%2C19.0.200%2CN%3Bworkflow%2C18.5.0%2CN%3Bbitrix.eshop%2C18.5.0%2CN%3Bmail%2C19.0.300%2CN%3Blearning%2C17.5.1%2CN%3Bfileman%2C18.5.500%2CN%3Breport%2C19.0.100%2CN&reqm=bitrix.mpbuilder%2Cbitrix.siteinfoportal%2Cmobium.api%2Cbitrix.sitecommunity%2Cbitrix.sitecorporate%2Cbitrix.sitepersonal%2Cbitrix.eshop&fullmoduleinfo=Y&SUPD_SRS=RU&SUPD_CMP=N
2020-01-21 15:20:15 -  - exec CUpdateClientPartner::GetHTTPPage
2020-01-21 15:20:15 -  - TIME GetUpdatesList(request) 0.192 sec
2020-01-21 15:20:15 -  - exec CUpdateClientPartner::ParseServerData
2020-01-22 05:34:27 - Ux11 - Ошибка описания модуля "mobium.api"
2020-01-22 05:34:27 -  - exec CUpdateClientPartner::GetUpdatesList
2020-01-22 05:34:27 -  - exec CUpdateClientPartner::__CollectRequestData
2020-01-22 05:34:27 - Ux11 - Ошибка описания модуля "mobium.api"
2020-01-22 05:34:27 - NCRD01 - [Ux11] Ошибка описания модуля "mobium.api". 
2020-01-22 05:34:27 - GUL01 - Empty query list
2020-01-22 05:34:27 - Ux11 - Ошибка описания модуля "mobium.api"
2020-01-22 05:34:35 - Ux11 - Ошибка описания модуля "mobium.api"
2020-01-22 05:34:35 -  - exec CUpdateClientPartner::GetUpdatesList
2020-01-22 05:34:35 -  - exec CUpdateClientPartner::__CollectRequestData
2020-01-22 05:34:35 - Ux11 - Ошибка описания модуля "mobium.api"
2020-01-22 05:34:35 - NCRD01 - [Ux11] Ошибка описания модуля "mobium.api". 
2020-01-22 05:34:35 - GUL01 - Empty query list
2020-01-22 05:34:35 - Ux11 - Ошибка описания модуля "mobium.api"
2020-01-22 05:34:35 -  - exec CUpdateClientPartner::GetUpdatesList
2020-01-22 05:34:35 -  - exec CUpdateClientPartner::__CollectRequestData
2020-01-22 05:34:35 -  - utf=Y&lang=ru&stable=Y&CANGZIP=Y&SUPD_DBS=MYSQL&XE=N&CLIENT_SITE=bitrixstend.mobiumapps.com&LICENSE_KEY=X&SUPD_STS=1&SUPD_URS=0&SUPD_URSA=1&TYPENC=D&CLIENT_PHPVER=7.2.26&NGINX=Y&dbv=5.7.28&instm=main%2C20.0.0%2CY%3Bperfmon%2C18.5.0%2CN%3Brest%2C18.5.162%2CN%3Bbitrix.mpbuilder%2C1.0.14%2CN%3Bphotogallery%2C18.0.0%2CN%3Bvote%2C18.5.200%2CN%3Bbitrixcloud%2C18.5.0%2CN%3Bbitrix.siteinfoportal%2C15.5.0%2CN%3Bui%2C19.0.400%2CN%3Bbitrix.sitecommunity%2C15.5.0%2CN%3Bconversion%2C18.5.1%2CN%3Bsearch%2C18.5.200%2CN%3Bstoreassist%2C18.1.0%2CN%3Bbitrix.sitecorporate%2C15.5.0%2CN%3Bbizprocdesigner%2C19.0.200%2CN%3Bbizproc%2C19.0.300%2CN%3Babtest%2C18.5.0%2CN%3Bcalendar%2C19.0.375%2CN%3Btranslate%2C18.0.100%2CN%3Bsocialservices%2C19.0.0%2CN%3Bform%2C18.0.0%2CN%3Bmobileapp%2C19.0.100%2CN%3Bpull%2C19.0.300%2CN%3Biblock%2C18.6.1000%2CN%3Bscale%2C17.5.0%2CN%3Bsupport%2C16.0.0%2CN%3Bwebservice%2C18.0.0%2CN%3Bstatistic%2C18.5.0%2CN%3Bb24connector%2C18.5.0%2CN%3Bblog%2C19.0.100%2CN%3Bseo%2C19.0.800%2CN%3Bim%2C19.0.550%2CN%3Bhighloadblock%2C19.0.0%2CN%3Blanding%2C19.0.175%2CN%3Bsale%2C19.0.100%2CN%3Bsecurity%2C19.0.0%2CN%3Bcompression%2C19.0.0%2CN%3Bforum%2C19.0.0%2CN%3Bsubscribe%2C18.5.0%2CN%3Bmessageservice%2C19.0.0%2CN%3Bsocialnetwork%2C19.0.600%2CN%3Bclouds%2C19.0.0%2CN%3Bidea%2C17.5.1%2CN%3Bcatalog%2C18.7.0%2CN%3Blists%2C19.0.0%2CN%3Bbitrix.sitepersonal%2C15.5.0%2CN%3Bwiki%2C17.5.1%2CN%3Badvertising%2C20.0.0%2CN%3Bcurrency%2C19.0.0%2CN%3Bsender%2C19.0.200%2CN%3Bworkflow%2C18.5.0%2CN%3Bbitrix.eshop%2C18.5.0%2CN%3Bmail%2C19.0.300%2CN%3Blearning%2C17.5.1%2CN%3Bfileman%2C18.5.500%2CN%3Breport%2C19.0.100%2CN&reqm=bitrix.mpbuilder%2Cbitrix.siteinfoportal%2Cbitrix.sitecommunity%2Cbitrix.sitecorporate%2Cbitrix.sitepersonal%2Cbitrix.eshop&fullmoduleinfo=Y&SUPD_SRS=RU&SUPD_CMP=N
2020-01-22 05:34:35 -  - exec CUpdateClientPartner::GetHTTPPage
2020-01-22 05:34:35 -  - TIME GetUpdatesList(request) 0.212 sec
2020-01-22 05:34:35 -  - exec CUpdateClientPartner::ParseServerData
2020-01-22 05:34:54 -  - exec CUpdateClientPartner::GetUpdatesList
2020-01-22 05:34:54 -  - exec CUpdateClientPartner::__CollectRequestData
2020-01-22 05:34:54 -  - utf=Y&lang=ru&stable=Y&CANGZIP=Y&SUPD_DBS=MYSQL&XE=N&CLIENT_SITE=bitrixstend.mobiumapps.com&LICENSE_KEY=X&SUPD_STS=1&SUPD_URS=0&SUPD_URSA=1&TYPENC=D&CLIENT_PHPVER=7.2.26&NGINX=Y&dbv=5.7.28&instm=main%2C20.0.0%2CY%3Bperfmon%2C18.5.0%2CN%3Brest%2C18.5.162%2CN%3Bbitrix.mpbuilder%2C1.0.14%2CN%3Bphotogallery%2C18.0.0%2CN%3Bvote%2C18.5.200%2CN%3Bbitrixcloud%2C18.5.0%2CN%3Bbitrix.siteinfoportal%2C15.5.0%2CN%3Bui%2C19.0.400%2CN%3Bbitrix.sitecommunity%2C15.5.0%2CN%3Bconversion%2C18.5.1%2CN%3Bsearch%2C18.5.200%2CN%3Bstoreassist%2C18.1.0%2CN%3Bbitrix.sitecorporate%2C15.5.0%2CN%3Bbizprocdesigner%2C19.0.200%2CN%3Bbizproc%2C19.0.300%2CN%3Babtest%2C18.5.0%2CN%3Bcalendar%2C19.0.375%2CN%3Btranslate%2C18.0.100%2CN%3Bsocialservices%2C19.0.0%2CN%3Bform%2C18.0.0%2CN%3Bmobileapp%2C19.0.100%2CN%3Bpull%2C19.0.300%2CN%3Biblock%2C18.6.1000%2CN%3Bscale%2C17.5.0%2CN%3Bsupport%2C16.0.0%2CN%3Bwebservice%2C18.0.0%2CN%3Bstatistic%2C18.5.0%2CN%3Bb24connector%2C18.5.0%2CN%3Bblog%2C19.0.100%2CN%3Bseo%2C19.0.800%2CN%3Bim%2C19.0.550%2CN%3Bhighloadblock%2C19.0.0%2CN%3Blanding%2C19.0.175%2CN%3Bsale%2C19.0.100%2CN%3Bsecurity%2C19.0.0%2CN%3Bcompression%2C19.0.0%2CN%3Bforum%2C19.0.0%2CN%3Bsubscribe%2C18.5.0%2CN%3Bmessageservice%2C19.0.0%2CN%3Bsocialnetwork%2C19.0.600%2CN%3Bclouds%2C19.0.0%2CN%3Bidea%2C17.5.1%2CN%3Bcatalog%2C18.7.0%2CN%3Blists%2C19.0.0%2CN%3Bbitrix.sitepersonal%2C15.5.0%2CN%3Bwiki%2C17.5.1%2CN%3Badvertising%2C20.0.0%2CN%3Bcurrency%2C19.0.0%2CN%3Bsender%2C19.0.200%2CN%3Bworkflow%2C18.5.0%2CN%3Bbitrix.eshop%2C18.5.0%2CN%3Bmail%2C19.0.300%2CN%3Blearning%2C17.5.1%2CN%3Bfileman%2C18.5.500%2CN%3Breport%2C19.0.100%2CN&reqm=bitrix.mpbuilder%2Cbitrix.siteinfoportal%2Cbitrix.sitecommunity%2Cbitrix.sitecorporate%2Cbitrix.sitepersonal%2Cbitrix.eshop%2Cmobium.api&SUPD_SRS=RU&SUPD_CMP=N
2020-01-22 05:34:54 -  - exec CUpdateClientPartner::GetHTTPPage
2020-01-22 05:34:55 -  - TIME GetUpdatesList(request) 0.188 sec
2020-01-22 05:34:55 -  - exec CUpdateClientPartner::ParseServerData
2020-01-22 05:35:01 -  - exec CUpdateClientPartner::LoadModulesUpdates
2020-01-22 05:35:01 -  - exec CUpdateClientPartner::__CollectRequestData
2020-01-22 05:35:01 -  - utf=Y&lang=ru&stable=Y&CANGZIP=Y&SUPD_DBS=MYSQL&XE=N&CLIENT_SITE=bitrixstend.mobiumapps.com&LICENSE_KEY=X&SUPD_STS=1&SUPD_URS=0&SUPD_URSA=1&TYPENC=D&CLIENT_PHPVER=7.2.26&NGINX=Y&dbv=5.7.28&instm=main%2C20.0.0%2CY%3Bperfmon%2C18.5.0%2CN%3Brest%2C18.5.162%2CN%3Bbitrix.mpbuilder%2C1.0.14%2CN%3Bphotogallery%2C18.0.0%2CN%3Bvote%2C18.5.200%2CN%3Bbitrixcloud%2C18.5.0%2CN%3Bbitrix.siteinfoportal%2C15.5.0%2CN%3Bui%2C19.0.400%2CN%3Bbitrix.sitecommunity%2C15.5.0%2CN%3Bconversion%2C18.5.1%2CN%3Bsearch%2C18.5.200%2CN%3Bstoreassist%2C18.1.0%2CN%3Bbitrix.sitecorporate%2C15.5.0%2CN%3Bbizprocdesigner%2C19.0.200%2CN%3Bbizproc%2C19.0.300%2CN%3Babtest%2C18.5.0%2CN%3Bcalendar%2C19.0.375%2CN%3Btranslate%2C18.0.100%2CN%3Bsocialservices%2C19.0.0%2CN%3Bform%2C18.0.0%2CN%3Bmobileapp%2C19.0.100%2CN%3Bpull%2C19.0.300%2CN%3Biblock%2C18.6.1000%2CN%3Bscale%2C17.5.0%2CN%3Bsupport%2C16.0.0%2CN%3Bwebservice%2C18.0.0%2CN%3Bstatistic%2C18.5.0%2CN%3Bb24connector%2C18.5.0%2CN%3Bblog%2C19.0.100%2CN%3Bseo%2C19.0.800%2CN%3Bim%2C19.0.550%2CN%3Bhighloadblock%2C19.0.0%2CN%3Blanding%2C19.0.175%2CN%3Bsale%2C19.0.100%2CN%3Bsecurity%2C19.0.0%2CN%3Bcompression%2C19.0.0%2CN%3Bforum%2C19.0.0%2CN%3Bsubscribe%2C18.5.0%2CN%3Bmessageservice%2C19.0.0%2CN%3Bsocialnetwork%2C19.0.600%2CN%3Bclouds%2C19.0.0%2CN%3Bidea%2C17.5.1%2CN%3Bcatalog%2C18.7.0%2CN%3Blists%2C19.0.0%2CN%3Bbitrix.sitepersonal%2C15.5.0%2CN%3Bwiki%2C17.5.1%2CN%3Badvertising%2C20.0.0%2CN%3Bcurrency%2C19.0.0%2CN%3Bsender%2C19.0.200%2CN%3Bworkflow%2C18.5.0%2CN%3Bbitrix.eshop%2C18.5.0%2CN%3Bmail%2C19.0.300%2CN%3Blearning%2C17.5.1%2CN%3Bfileman%2C18.5.500%2CN%3Breport%2C19.0.100%2CN&reqm=mobium.api&lim=Y&SUPD_SRS=RU&SUPD_CMP=N
2020-01-22 05:35:01 -  - exec CUpdateClientPartner::GetHTTPPage
2020-01-22 05:35:02 -  - TIME LoadModulesUpdates(request) 0.271 sec
2020-01-22 05:35:02 -  - exec CUpdateClientPartner::ParseServerData
2020-01-22 05:35:02 - S - STEP
2020-01-22 05:35:02 - LMU01 - LoadModulesUpdates-Step
2020-01-22 05:35:02 -  - exec CUpdateClientPartner::LoadModulesUpdates
2020-01-22 05:35:02 -  - exec CUpdateClientPartner::ParseServerData
2020-01-22 05:35:02 -  - loadFile
2020-01-22 05:35:02 - U - RETURN
2020-01-22 05:35:02 -  - exec CUpdateClientPartner::UnGzipArchive
2020-01-22 05:35:02 -  - TIME UnGzipArchive 0.024 sec
2020-01-22 05:35:02 -  - TIME UpdateStepModules 0.02 sec
2020-01-22 05:35:02 - UPD_SUCCESS - Updated: mobium.api
2020-01-22 05:35:02 -  - exec CUpdateClientPartner::LoadModulesUpdates
2020-01-22 05:35:02 -  - exec CUpdateClientPartner::__CollectRequestData
2020-01-22 05:35:02 - Ux11 - Ошибка описания модуля "mobium.api"
2020-01-22 05:35:02 - NCRD01 - [Ux11] Ошибка описания модуля "mobium.api". 
2020-01-22 05:35:02 - LMU002 - [Ux11] Ошибка описания модуля "mobium.api". 
2020-01-22 05:35:02 - CL02 - [Ux11] Ошибка описания модуля "mobium.api". 
2020-01-22 05:35:02 - UPD_ERROR - Error: [Ux11] Ошибка описания модуля "mobium.api". 
2020-01-22 05:37:33 - Ux11 - Ошибка описания модуля "mobium.api"
2020-01-22 05:37:33 -  - exec CUpdateClientPartner::GetUpdatesList
2020-01-22 05:37:33 -  - exec CUpdateClientPartner::__CollectRequestData
2020-01-22 05:37:33 - Ux11 - Ошибка описания модуля "mobium.api"
2020-01-22 05:37:33 - NCRD01 - [Ux11] Ошибка описания модуля "mobium.api". 
2020-01-22 05:37:33 - GUL01 - Empty query list
2020-01-22 05:37:33 - Ux11 - Ошибка описания модуля "mobium.api"
2020-01-22 05:37:41 - Ux11 - Ошибка описания модуля "mobium.api"
2020-01-22 05:37:41 -  - exec CUpdateClientPartner::GetUpdatesList
2020-01-22 05:37:41 -  - exec CUpdateClientPartner::__CollectRequestData
2020-01-22 05:37:41 - Ux11 - Ошибка описания модуля "mobium.api"
2020-01-22 05:37:41 - NCRD01 - [Ux11] Ошибка описания модуля "mobium.api". 
2020-01-22 05:37:41 - GUL01 - Empty query list
2020-01-22 05:37:41 - Ux11 - Ошибка описания модуля "mobium.api"
2020-01-22 05:40:14 - Ux11 - Ошибка описания модуля "mobium.api"
2020-01-22 05:40:14 -  - exec CUpdateClientPartner::GetUpdatesList
2020-01-22 05:40:14 -  - exec CUpdateClientPartner::__CollectRequestData
2020-01-22 05:40:14 - Ux11 - Ошибка описания модуля "mobium.api"
2020-01-22 05:40:14 - NCRD01 - [Ux11] Ошибка описания модуля "mobium.api". 
2020-01-22 05:40:14 - GUL01 - Empty query list
2020-01-22 05:40:14 - Ux11 - Ошибка описания модуля "mobium.api"
2020-01-22 05:40:17 - Ux11 - Ошибка описания модуля "mobium.api"
2020-01-22 05:40:17 -  - exec CUpdateClientPartner::GetUpdatesList
2020-01-22 05:40:17 -  - exec CUpdateClientPartner::__CollectRequestData
2020-01-22 05:40:17 - Ux11 - Ошибка описания модуля "mobium.api"
2020-01-22 05:40:17 - NCRD01 - [Ux11] Ошибка описания модуля "mobium.api". 
2020-01-22 05:40:17 - GUL01 - Empty query list
2020-01-22 05:40:17 - Ux11 - Ошибка описания модуля "mobium.api"
2020-01-22 05:47:40 - Ux11 - Ошибка описания модуля "mobium.api"
2020-01-22 05:47:40 -  - exec CUpdateClientPartner::GetUpdatesList
2020-01-22 05:47:40 -  - exec CUpdateClientPartner::__CollectRequestData
2020-01-22 05:47:40 - Ux11 - Ошибка описания модуля "mobium.api"
2020-01-22 05:47:40 - NCRD01 - [Ux11] Ошибка описания модуля "mobium.api". 
2020-01-22 05:47:40 - GUL01 - Empty query list
2020-01-22 05:47:40 - Ux11 - Ошибка описания модуля "mobium.api"
2020-01-22 05:47:44 - Ux11 - Ошибка описания модуля "mobium.api"
2020-01-22 05:47:44 -  - exec CUpdateClientPartner::GetUpdatesList
2020-01-22 05:47:44 -  - exec CUpdateClientPartner::__CollectRequestData
2020-01-22 05:47:44 - Ux11 - Ошибка описания модуля "mobium.api"
2020-01-22 05:47:44 - NCRD01 - [Ux11] Ошибка описания модуля "mobium.api". 
2020-01-22 05:47:44 - GUL01 - Empty query list
2020-01-22 05:47:44 - Ux11 - Ошибка описания модуля "mobium.api"
2020-01-22 06:02:31 - Ux11 - Ошибка описания модуля "mobium.api"
2020-01-22 06:02:31 -  - exec CUpdateClientPartner::GetUpdatesList
2020-01-22 06:02:31 -  - exec CUpdateClientPartner::__CollectRequestData
2020-01-22 06:02:31 - Ux11 - Ошибка описания модуля "mobium.api"
2020-01-22 06:02:31 - NCRD01 - [Ux11] Ошибка описания модуля "mobium.api". 
2020-01-22 06:02:31 - GUL01 - Empty query list
2020-01-22 06:02:31 - Ux11 - Ошибка описания модуля "mobium.api"
2020-01-22 06:02:37 - Ux11 - Ошибка описания модуля "mobium.api"
2020-01-22 06:02:37 -  - exec CUpdateClientPartner::GetUpdatesList
2020-01-22 06:02:37 -  - exec CUpdateClientPartner::__CollectRequestData
2020-01-22 06:02:37 - Ux11 - Ошибка описания модуля "mobium.api"
2020-01-22 06:02:37 - NCRD01 - [Ux11] Ошибка описания модуля "mobium.api". 
2020-01-22 06:02:37 - GUL01 - Empty query list
2020-01-22 06:02:37 - Ux11 - Ошибка описания модуля "mobium.api"
2020-01-22 06:02:37 - Ux11 - Ошибка описания модуля "mobium.api"
2020-01-22 06:02:37 -  - exec CUpdateClientPartner::GetUpdatesList
2020-01-22 06:02:37 -  - exec CUpdateClientPartner::__CollectRequestData
2020-01-22 06:02:37 - Ux11 - Ошибка описания модуля "mobium.api"
2020-01-22 06:02:37 - NCRD01 - [Ux11] Ошибка описания модуля "mobium.api". 
2020-01-22 06:02:37 - GUL01 - Empty query list
2020-01-22 06:02:37 - Ux11 - Ошибка описания модуля "mobium.api"
2020-01-22 10:23:42 - Ux11 - Ошибка описания модуля "mobium.api"
2020-01-22 10:23:42 -  - exec CUpdateClientPartner::GetUpdatesList
2020-01-22 10:23:42 -  - exec CUpdateClientPartner::__CollectRequestData
2020-01-22 10:23:42 - Ux11 - Ошибка описания модуля "mobium.api"
2020-01-22 10:23:42 - NCRD01 - [Ux11] Ошибка описания модуля "mobium.api". 
2020-01-22 10:23:42 - GUL01 - Empty query list
2020-01-22 10:23:42 - Ux11 - Ошибка описания модуля "mobium.api"
2020-01-22 10:23:47 - Ux11 - Ошибка описания модуля "mobium.api"
2020-01-22 10:23:47 -  - exec CUpdateClientPartner::GetUpdatesList
2020-01-22 10:23:47 -  - exec CUpdateClientPartner::__CollectRequestData
2020-01-22 10:23:47 - Ux11 - Ошибка описания модуля "mobium.api"
2020-01-22 10:23:47 - NCRD01 - [Ux11] Ошибка описания модуля "mobium.api". 
2020-01-22 10:23:47 - GUL01 - Empty query list
2020-01-22 10:23:47 - Ux11 - Ошибка описания модуля "mobium.api"
2020-01-22 10:23:47 - Ux11 - Ошибка описания модуля "mobium.api"
2020-01-22 10:23:47 -  - exec CUpdateClientPartner::GetUpdatesList
2020-01-22 10:23:47 -  - exec CUpdateClientPartner::__CollectRequestData
2020-01-22 10:23:47 - Ux11 - Ошибка описания модуля "mobium.api"
2020-01-22 10:23:47 - NCRD01 - [Ux11] Ошибка описания модуля "mobium.api". 
2020-01-22 10:23:47 - GUL01 - Empty query list
2020-01-22 10:23:47 - Ux11 - Ошибка описания модуля "mobium.api"
2020-01-22 10:23:53 - Ux11 - Ошибка описания модуля "mobium.api"
2020-01-22 10:23:53 -  - exec CUpdateClientPartner::GetUpdatesList
2020-01-22 10:23:53 -  - exec CUpdateClientPartner::__CollectRequestData
2020-01-22 10:23:53 - Ux11 - Ошибка описания модуля "mobium.api"
2020-01-22 10:23:53 - NCRD01 - [Ux11] Ошибка описания модуля "mobium.api". 
2020-01-22 10:23:53 - GUL01 - Empty query list
2020-01-22 10:23:53 - Ux11 - Ошибка описания модуля "mobium.api"
2020-01-22 10:26:49 - Ux11 - Ошибка описания модуля "mobium.api"
2020-01-22 10:26:49 -  - exec CUpdateClientPartner::GetUpdatesList
2020-01-22 10:26:49 -  - exec CUpdateClientPartner::__CollectRequestData
2020-01-22 10:26:49 - Ux11 - Ошибка описания модуля "mobium.api"
2020-01-22 10:26:49 - NCRD01 - [Ux11] Ошибка описания модуля "mobium.api". 
2020-01-22 10:26:49 - GUL01 - Empty query list
2020-01-22 10:26:49 - Ux11 - Ошибка описания модуля "mobium.api"
2020-01-22 10:26:54 - Ux11 - Ошибка описания модуля "mobium.api"
2020-01-22 10:26:54 -  - exec CUpdateClientPartner::GetUpdatesList
2020-01-22 10:26:54 -  - exec CUpdateClientPartner::__CollectRequestData
2020-01-22 10:26:54 - Ux11 - Ошибка описания модуля "mobium.api"
2020-01-22 10:26:54 - NCRD01 - [Ux11] Ошибка описания модуля "mobium.api". 
2020-01-22 10:26:54 - GUL01 - Empty query list
2020-01-22 10:26:54 - Ux11 - Ошибка описания модуля "mobium.api"
2020-01-22 10:26:54 - Ux11 - Ошибка описания модуля "mobium.api"
2020-01-22 10:26:54 -  - exec CUpdateClientPartner::GetUpdatesList
2020-01-22 10:26:54 -  - exec CUpdateClientPartner::__CollectRequestData
2020-01-22 10:26:54 - Ux11 - Ошибка описания модуля "mobium.api"
2020-01-22 10:26:54 - NCRD01 - [Ux11] Ошибка описания модуля "mobium.api". 
2020-01-22 10:26:54 - GUL01 - Empty query list
2020-01-22 10:26:54 - Ux11 - Ошибка описания модуля "mobium.api"
2020-01-22 10:26:58 - Ux11 - Ошибка описания модуля "mobium.api"
2020-01-22 10:26:58 -  - exec CUpdateClientPartner::GetUpdatesList
2020-01-22 10:26:58 -  - exec CUpdateClientPartner::__CollectRequestData
2020-01-22 10:26:58 - Ux11 - Ошибка описания модуля "mobium.api"
2020-01-22 10:26:58 - NCRD01 - [Ux11] Ошибка описания модуля "mobium.api". 
2020-01-22 10:26:58 - GUL01 - Empty query list
2020-01-22 10:26:58 - Ux11 - Ошибка описания модуля "mobium.api"
2020-01-22 10:57:38 - Ux11 - Ошибка описания модуля "mobium.api"
2020-01-22 10:57:38 -  - exec CUpdateClientPartner::GetUpdatesList
2020-01-22 10:57:38 -  - exec CUpdateClientPartner::__CollectRequestData
2020-01-22 10:57:38 - Ux11 - Ошибка описания модуля "mobium.api"
2020-01-22 10:57:38 - NCRD01 - [Ux11] Ошибка описания модуля "mobium.api". 
2020-01-22 10:57:38 - GUL01 - Empty query list
2020-01-22 10:57:38 - Ux11 - Ошибка описания модуля "mobium.api"
2020-01-22 10:57:42 - Ux11 - Ошибка описания модуля "mobium.api"
2020-01-22 10:57:42 -  - exec CUpdateClientPartner::GetUpdatesList
2020-01-22 10:57:42 -  - exec CUpdateClientPartner::__CollectRequestData
2020-01-22 10:57:42 - Ux11 - Ошибка описания модуля "mobium.api"
2020-01-22 10:57:42 - NCRD01 - [Ux11] Ошибка описания модуля "mobium.api". 
2020-01-22 10:57:42 - GUL01 - Empty query list
2020-01-22 10:57:42 - Ux11 - Ошибка описания модуля "mobium.api"
2020-01-22 10:57:42 - Ux11 - Ошибка описания модуля "mobium.api"
2020-01-22 10:57:42 -  - exec CUpdateClientPartner::GetUpdatesList
2020-01-22 10:57:42 -  - exec CUpdateClientPartner::__CollectRequestData
2020-01-22 10:57:42 - Ux11 - Ошибка описания модуля "mobium.api"
2020-01-22 10:57:42 - NCRD01 - [Ux11] Ошибка описания модуля "mobium.api". 
2020-01-22 10:57:42 - GUL01 - Empty query list
2020-01-22 10:57:42 - Ux11 - Ошибка описания модуля "mobium.api"
2020-01-22 10:57:48 - Ux11 - Ошибка описания модуля "mobium.api"
2020-01-22 10:57:48 -  - exec CUpdateClientPartner::GetUpdatesList
2020-01-22 10:57:48 -  - exec CUpdateClientPartner::__CollectRequestData
2020-01-22 10:57:48 - Ux11 - Ошибка описания модуля "mobium.api"
2020-01-22 10:57:48 - NCRD01 - [Ux11] Ошибка описания модуля "mobium.api". 
2020-01-22 10:57:48 - GUL01 - Empty query list
2020-01-22 10:57:48 - Ux11 - Ошибка описания модуля "mobium.api"
2020-01-22 17:10:57 - Ux11 - Ошибка описания модуля "mobium.api"
2020-01-22 17:10:57 -  - exec CUpdateClientPartner::GetUpdatesList
2020-01-22 17:10:57 -  - exec CUpdateClientPartner::__CollectRequestData
2020-01-22 17:10:57 - Ux11 - Ошибка описания модуля "mobium.api"
2020-01-22 17:10:57 - NCRD01 - [Ux11] Ошибка описания модуля "mobium.api". 
2020-01-22 17:10:57 - GUL01 - Empty query list
2020-01-22 17:10:57 - Ux11 - Ошибка описания модуля "mobium.api"
2020-01-22 17:11:01 - Ux11 - Ошибка описания модуля "mobium.api"
2020-01-22 17:11:01 -  - exec CUpdateClientPartner::GetUpdatesList
2020-01-22 17:11:01 -  - exec CUpdateClientPartner::__CollectRequestData
2020-01-22 17:11:01 - Ux11 - Ошибка описания модуля "mobium.api"
2020-01-22 17:11:01 - NCRD01 - [Ux11] Ошибка описания модуля "mobium.api". 
2020-01-22 17:11:01 - GUL01 - Empty query list
2020-01-22 17:11:01 - Ux11 - Ошибка описания модуля "mobium.api"
2020-01-22 17:11:45 -  - exec CUpdateClientPartner::GetUpdatesList
2020-01-22 17:11:45 -  - exec CUpdateClientPartner::__CollectRequestData
2020-01-22 17:11:45 -  - utf=Y&lang=ru&stable=Y&CANGZIP=Y&SUPD_DBS=MYSQL&XE=N&CLIENT_SITE=bitrixstend.mobiumapps.com&LICENSE_KEY=X&SUPD_STS=1&SUPD_URS=0&SUPD_URSA=1&TYPENC=D&CLIENT_PHPVER=7.2.26&NGINX=Y&dbv=5.7.28&instm=main%2C20.0.0%2CY%3Bperfmon%2C18.5.0%2CN%3Brest%2C18.5.162%2CN%3Bbitrix.mpbuilder%2C1.0.14%2CN%3Bphotogallery%2C18.0.0%2CN%3Bvote%2C18.5.200%2CN%3Bbitrixcloud%2C18.5.0%2CN%3Bbitrix.siteinfoportal%2C15.5.0%2CN%3Bui%2C19.0.400%2CN%3Bmobium.api%2C1.0.4%2CN%3Bbitrix.sitecommunity%2C15.5.0%2CN%3Bconversion%2C18.5.1%2CN%3Bsearch%2C18.5.200%2CN%3Bstoreassist%2C18.1.0%2CN%3Bbitrix.sitecorporate%2C15.5.0%2CN%3Bbizprocdesigner%2C19.0.200%2CN%3Bbizproc%2C19.0.300%2CN%3Babtest%2C18.5.0%2CN%3Bcalendar%2C19.0.375%2CN%3Btranslate%2C18.0.100%2CN%3Bsocialservices%2C19.0.0%2CN%3Bform%2C18.0.0%2CN%3Bmobileapp%2C19.0.100%2CN%3Bpull%2C19.0.300%2CN%3Biblock%2C18.6.1000%2CN%3Bscale%2C17.5.0%2CN%3Bsupport%2C16.0.0%2CN%3Bwebservice%2C18.0.0%2CN%3Bstatistic%2C18.5.0%2CN%3Bb24connector%2C18.5.0%2CN%3Bblog%2C19.0.100%2CN%3Bseo%2C19.0.800%2CN%3Bim%2C19.0.550%2CN%3Bhighloadblock%2C19.0.0%2CN%3Blanding%2C19.0.175%2CN%3Bdigitalwand.admin_helper%2C2.0.0%2CN%3Bsale%2C19.0.100%2CN%3Bsecurity%2C19.0.0%2CN%3Bcompression%2C19.0.0%2CN%3Bforum%2C19.0.0%2CN%3Bsubscribe%2C18.5.0%2CN%3Bmessageservice%2C19.0.0%2CN%3Bsocialnetwork%2C19.0.600%2CN%3Bclouds%2C19.0.0%2CN%3Bidea%2C17.5.1%2CN%3Bcatalog%2C18.7.0%2CN%3Blists%2C19.0.0%2CN%3Bbitrix.sitepersonal%2C15.5.0%2CN%3Bwiki%2C17.5.1%2CN%3Badvertising%2C20.0.0%2CN%3Bcurrency%2C19.0.0%2CN%3Bsender%2C19.0.200%2CN%3Bworkflow%2C18.5.0%2CN%3Bbitrix.eshop%2C18.5.0%2CN%3Bmail%2C19.0.300%2CN%3Blearning%2C17.5.1%2CN%3Bfileman%2C18.5.500%2CN%3Breport%2C19.0.100%2CN&reqm=bitrix.mpbuilder%2Cbitrix.siteinfoportal%2Cmobium.api%2Cbitrix.sitecommunity%2Cbitrix.sitecorporate%2Cdigitalwand.admin_helper%2Cbitrix.sitepersonal%2Cbitrix.eshop&SUPD_SRS=RU&SUPD_CMP=N
2020-01-22 17:11:45 -  - exec CUpdateClientPartner::GetHTTPPage
2020-01-22 17:11:46 -  - TIME GetUpdatesList(request) 0.223 sec
2020-01-22 17:11:46 -  - exec CUpdateClientPartner::ParseServerData
2020-01-22 17:13:30 -  - exec CUpdateClientPartner::GetUpdatesList
2020-01-22 17:13:30 -  - exec CUpdateClientPartner::__CollectRequestData
2020-01-22 17:13:30 -  - utf=Y&lang=ru&stable=Y&CANGZIP=Y&SUPD_DBS=MYSQL&XE=N&CLIENT_SITE=bitrixstend.mobiumapps.com&LICENSE_KEY=X&SUPD_STS=1&SUPD_URS=0&SUPD_URSA=1&TYPENC=D&CLIENT_PHPVER=7.2.26&NGINX=Y&dbv=5.7.28&instm=main%2C20.0.0%2CY%3Bperfmon%2C18.5.0%2CN%3Brest%2C18.5.162%2CN%3Bbitrix.mpbuilder%2C1.0.14%2CN%3Bphotogallery%2C18.0.0%2CN%3Bvote%2C18.5.200%2CN%3Bbitrixcloud%2C18.5.0%2CN%3Bbitrix.siteinfoportal%2C15.5.0%2CN%3Bui%2C19.0.400%2CN%3Bmobium.api%2C1.0.4%2CN%3Bbitrix.sitecommunity%2C15.5.0%2CN%3Bconversion%2C18.5.1%2CN%3Bsearch%2C18.5.200%2CN%3Bstoreassist%2C18.1.0%2CN%3Bbitrix.sitecorporate%2C15.5.0%2CN%3Bbizprocdesigner%2C19.0.200%2CN%3Bbizproc%2C19.0.300%2CN%3Babtest%2C18.5.0%2CN%3Bcalendar%2C19.0.375%2CN%3Btranslate%2C18.0.100%2CN%3Bsocialservices%2C19.0.0%2CN%3Bform%2C18.0.0%2CN%3Bmobileapp%2C19.0.100%2CN%3Bpull%2C19.0.300%2CN%3Biblock%2C18.6.1000%2CN%3Bscale%2C17.5.0%2CN%3Bsupport%2C16.0.0%2CN%3Bwebservice%2C18.0.0%2CN%3Bstatistic%2C18.5.0%2CN%3Bb24connector%2C18.5.0%2CN%3Bblog%2C19.0.100%2CN%3Bseo%2C19.0.800%2CN%3Bim%2C19.0.550%2CN%3Bhighloadblock%2C19.0.0%2CN%3Blanding%2C19.0.175%2CN%3Bdigitalwand.admin_helper%2C2.0.0%2CN%3Bsale%2C19.0.100%2CN%3Bsecurity%2C19.0.0%2CN%3Bcompression%2C19.0.0%2CN%3Bforum%2C19.0.0%2CN%3Bsubscribe%2C18.5.0%2CN%3Bmessageservice%2C19.0.0%2CN%3Bsocialnetwork%2C19.0.600%2CN%3Bclouds%2C19.0.0%2CN%3Bidea%2C17.5.1%2CN%3Bcatalog%2C18.7.0%2CN%3Blists%2C19.0.0%2CN%3Bbitrix.sitepersonal%2C15.5.0%2CN%3Bwiki%2C17.5.1%2CN%3Badvertising%2C20.0.0%2CN%3Bcurrency%2C19.0.0%2CN%3Bsender%2C19.0.200%2CN%3Bworkflow%2C18.5.0%2CN%3Bbitrix.eshop%2C18.5.0%2CN%3Bmail%2C19.0.300%2CN%3Blearning%2C17.5.1%2CN%3Bfileman%2C18.5.500%2CN%3Breport%2C19.0.100%2CN&reqm=bitrix.mpbuilder%2Cbitrix.siteinfoportal%2Cmobium.api%2Cbitrix.sitecommunity%2Cbitrix.sitecorporate%2Cdigitalwand.admin_helper%2Cbitrix.sitepersonal%2Cbitrix.eshop&SUPD_SRS=RU&SUPD_CMP=N
2020-01-22 17:13:30 -  - exec CUpdateClientPartner::GetHTTPPage
2020-01-22 17:13:30 -  - TIME GetUpdatesList(request) 0.205 sec
2020-01-22 17:13:30 -  - exec CUpdateClientPartner::ParseServerData
2020-01-22 17:15:32 -  - exec CUpdateClientPartner::GetUpdatesList
2020-01-22 17:15:32 -  - exec CUpdateClientPartner::__CollectRequestData
2020-01-22 17:15:32 -  - utf=Y&lang=ru&stable=Y&CANGZIP=Y&SUPD_DBS=MYSQL&XE=N&CLIENT_SITE=bitrixstend.mobiumapps.com&LICENSE_KEY=X&SUPD_STS=1&SUPD_URS=0&SUPD_URSA=1&TYPENC=D&CLIENT_PHPVER=7.2.26&NGINX=Y&dbv=5.7.28&instm=main%2C20.0.0%2CY%3Bperfmon%2C18.5.0%2CN%3Brest%2C18.5.162%2CN%3Bbitrix.mpbuilder%2C1.0.14%2CN%3Bphotogallery%2C18.0.0%2CN%3Bvote%2C18.5.200%2CN%3Bbitrixcloud%2C18.5.0%2CN%3Bbitrix.siteinfoportal%2C15.5.0%2CN%3Bui%2C19.0.400%2CN%3Bmobium.api%2C1.0.4%2CN%3Bbitrix.sitecommunity%2C15.5.0%2CN%3Bconversion%2C18.5.1%2CN%3Bsearch%2C18.5.200%2CN%3Bstoreassist%2C18.1.0%2CN%3Bbitrix.sitecorporate%2C15.5.0%2CN%3Bbizprocdesigner%2C19.0.200%2CN%3Bbizproc%2C19.0.300%2CN%3Babtest%2C18.5.0%2CN%3Bcalendar%2C19.0.375%2CN%3Btranslate%2C18.0.100%2CN%3Bsocialservices%2C19.0.0%2CN%3Bform%2C18.0.0%2CN%3Bmobileapp%2C19.0.100%2CN%3Bpull%2C19.0.300%2CN%3Biblock%2C18.6.1000%2CN%3Bscale%2C17.5.0%2CN%3Bsupport%2C16.0.0%2CN%3Bwebservice%2C18.0.0%2CN%3Bstatistic%2C18.5.0%2CN%3Bb24connector%2C18.5.0%2CN%3Bblog%2C19.0.100%2CN%3Bseo%2C19.0.800%2CN%3Bim%2C19.0.550%2CN%3Bhighloadblock%2C19.0.0%2CN%3Blanding%2C19.0.175%2CN%3Bdigitalwand.admin_helper%2C2.0.0%2CN%3Bsale%2C19.0.100%2CN%3Bsecurity%2C19.0.0%2CN%3Bcompression%2C19.0.0%2CN%3Bforum%2C19.0.0%2CN%3Bsubscribe%2C18.5.0%2CN%3Bmessageservice%2C19.0.0%2CN%3Bsocialnetwork%2C19.0.600%2CN%3Bclouds%2C19.0.0%2CN%3Bidea%2C17.5.1%2CN%3Bcatalog%2C18.7.0%2CN%3Blists%2C19.0.0%2CN%3Bbitrix.sitepersonal%2C15.5.0%2CN%3Bwiki%2C17.5.1%2CN%3Badvertising%2C20.0.0%2CN%3Bcurrency%2C19.0.0%2CN%3Bsender%2C19.0.200%2CN%3Bworkflow%2C18.5.0%2CN%3Bbitrix.eshop%2C18.5.0%2CN%3Bmail%2C19.0.300%2CN%3Blearning%2C17.5.1%2CN%3Bfileman%2C18.5.500%2CN%3Breport%2C19.0.100%2CN&reqm=bitrix.mpbuilder%2Cbitrix.siteinfoportal%2Cmobium.api%2Cbitrix.sitecommunity%2Cbitrix.sitecorporate%2Cdigitalwand.admin_helper%2Cbitrix.sitepersonal%2Cbitrix.eshop&SUPD_SRS=RU&SUPD_CMP=N
2020-01-22 17:15:32 -  - exec CUpdateClientPartner::GetHTTPPage
2020-01-22 17:15:33 -  - TIME GetUpdatesList(request) 0.197 sec
2020-01-22 17:15:33 -  - exec CUpdateClientPartner::ParseServerData
